{"E:\\projects-new\\verdocs\\verdocs-web-sdk\\verdocs-web-sdk\\src\\components\\controls\\verdocs-button\\verdocs-button.tsx": {"path":"E:\\projects-new\\verdocs\\verdocs-web-sdk\\verdocs-web-sdk\\src\\components\\controls\\verdocs-button\\verdocs-button.tsx","statementMap":{"0":{"start":{"line":1,"column":0},"end":{"line":1,"column":49}},"1":{"start":{"line":23,"column":10},"end":{"line":23,"column":42}},"2":{"start":{"line":28,"column":10},"end":{"line":28,"column":40}},"3":{"start":{"line":33,"column":10},"end":{"line":33,"column":78}},"4":{"start":{"line":38,"column":10},"end":{"line":38,"column":57}},"5":{"start":{"line":43,"column":10},"end":{"line":43,"column":64}},"6":{"start":{"line":48,"column":10},"end":{"line":48,"column":36}},"7":{"start":{"line":51,"column":4},"end":{"line":57,"column":6}},"8":{"start":{"line":10,"column":0},"end":{"line":10,"column":null}}},"fnMap":{"0":{"name":"(anonymous_0)","decl":{"start":{"line":10,"column":0},"end":{"line":10,"column":null}},"loc":{"start":{"line":10,"column":0},"end":{"line":59,"column":null}}},"1":{"name":"(anonymous_1)","decl":{"start":{"line":50,"column":2},"end":{"line":50,"column":8}},"loc":{"start":{"line":50,"column":8},"end":{"line":58,"column":3}}}},"branchMap":{"0":{"loc":{"start":{"line":53,"column":9},"end":{"line":53,"column":87}},"type":"cond-expr","locations":[{"start":{"line":53,"column":26},"end":{"line":53,"column":80}},{"start":{"line":53,"column":83},"end":{"line":53,"column":87}}]},"1":{"loc":{"start":{"line":55,"column":9},"end":{"line":55,"column":81}},"type":"cond-expr","locations":[{"start":{"line":55,"column":24},"end":{"line":55,"column":74}},{"start":{"line":55,"column":77},"end":{"line":55,"column":81}}]}},"s":{"0":1,"1":5,"2":5,"3":5,"4":5,"5":5,"6":5,"7":5,"8":1},"f":{"0":5,"1":5},"b":{"0":[0,5],"1":[0,5]}}
,"E:\\projects-new\\verdocs\\verdocs-web-sdk\\verdocs-web-sdk\\src\\components\\controls\\verdocs-button-panel\\verdocs-button-panel.tsx": {"path":"E:\\projects-new\\verdocs\\verdocs-web-sdk\\verdocs-web-sdk\\src\\components\\controls\\verdocs-button-panel\\verdocs-button-panel.tsx","statementMap":{"0":{"start":{"line":1,"column":0},"end":{"line":1,"column":54}},"1":{"start":{"line":2,"column":0},"end":{"line":2,"column":63}},"2":{"start":{"line":34,"column":10},"end":{"line":34,"column":28}},"3":{"start":{"line":60,"column":2},"end":{"line":60,"column":18}},"4":{"start":{"line":37,"column":4},"end":{"line":37,"column":44}},"5":{"start":{"line":38,"column":4},"end":{"line":40,"column":5}},"6":{"start":{"line":39,"column":6},"end":{"line":39,"column":36}},"7":{"start":{"line":42,"column":4},"end":{"line":45,"column":7}},"8":{"start":{"line":49,"column":4},"end":{"line":52,"column":5}},"9":{"start":{"line":50,"column":6},"end":{"line":50,"column":36}},"10":{"start":{"line":51,"column":6},"end":{"line":51,"column":33}},"11":{"start":{"line":54,"column":4},"end":{"line":56,"column":5}},"12":{"start":{"line":55,"column":6},"end":{"line":55,"column":28}},"13":{"start":{"line":64,"column":4},"end":{"line":64,"column":48}},"14":{"start":{"line":65,"column":4},"end":{"line":65,"column":50}},"15":{"start":{"line":66,"column":4},"end":{"line":66,"column":24}},"16":{"start":{"line":68,"column":4},"end":{"line":68,"column":49}},"17":{"start":{"line":69,"column":4},"end":{"line":69,"column":51}},"18":{"start":{"line":70,"column":4},"end":{"line":70,"column":38}},"19":{"start":{"line":71,"column":4},"end":{"line":71,"column":45}},"20":{"start":{"line":72,"column":4},"end":{"line":72,"column":35}},"21":{"start":{"line":73,"column":4},"end":{"line":73,"column":36}},"22":{"start":{"line":74,"column":4},"end":{"line":74,"column":37}},"23":{"start":{"line":75,"column":4},"end":{"line":75,"column":38}},"24":{"start":{"line":76,"column":4},"end":{"line":79,"column":6}},"25":{"start":{"line":77,"column":6},"end":{"line":77,"column":26}},"26":{"start":{"line":78,"column":6},"end":{"line":78,"column":20}},"27":{"start":{"line":80,"column":4},"end":{"line":80,"column":44}},"28":{"start":{"line":85,"column":4},"end":{"line":87,"column":7}},"29":{"start":{"line":86,"column":6},"end":{"line":86,"column":38}},"30":{"start":{"line":88,"column":4},"end":{"line":88,"column":68}},"31":{"start":{"line":89,"column":4},"end":{"line":89,"column":25}},"32":{"start":{"line":94,"column":4},"end":{"line":98,"column":5}},"33":{"start":{"line":95,"column":6},"end":{"line":95,"column":29}},"34":{"start":{"line":97,"column":6},"end":{"line":97,"column":29}},"35":{"start":{"line":102,"column":4},"end":{"line":118,"column":6}},"36":{"start":{"line":108,"column":12},"end":{"line":108,"column":32}},"37":{"start":{"line":109,"column":12},"end":{"line":109,"column":33}},"38":{"start":{"line":111,"column":22},"end":{"line":111,"column":38}},"39":{"start":{"line":113,"column":108},"end":{"line":113,"column":143}},"40":{"start":{"line":20,"column":0},"end":{"line":20,"column":null}}},"fnMap":{"0":{"name":"(anonymous_0)","decl":{"start":{"line":20,"column":0},"end":{"line":20,"column":null}},"loc":{"start":{"line":20,"column":0},"end":{"line":120,"column":null}}},"1":{"name":"(anonymous_1)","decl":{"start":{"line":36,"column":2},"end":{"line":36,"column":20}},"loc":{"start":{"line":36,"column":20},"end":{"line":46,"column":3}}},"2":{"name":"(anonymous_2)","decl":{"start":{"line":48,"column":2},"end":{"line":48,"column":22}},"loc":{"start":{"line":48,"column":22},"end":{"line":57,"column":3}}},"3":{"name":"(anonymous_3)","decl":{"start":{"line":63,"column":2},"end":{"line":63,"column":7}},"loc":{"start":{"line":63,"column":17},"end":{"line":81,"column":3}}},"4":{"name":"(anonymous_4)","decl":{"start":{"line":65,"column":40},"end":{"line":65,"column":43}},"loc":{"start":{"line":65,"column":45},"end":{"line":65,"column":48}}},"5":{"name":"(anonymous_5)","decl":{"start":{"line":76,"column":27},"end":{"line":76,"column":28}},"loc":{"start":{"line":76,"column":38},"end":{"line":79,"column":5}}},"6":{"name":"(anonymous_6)","decl":{"start":{"line":84,"column":2},"end":{"line":84,"column":7}},"loc":{"start":{"line":84,"column":17},"end":{"line":90,"column":3}}},"7":{"name":"(anonymous_7)","decl":{"start":{"line":85,"column":88},"end":{"line":85,"column":90}},"loc":{"start":{"line":85,"column":93},"end":{"line":87,"column":5}}},"8":{"name":"(anonymous_8)","decl":{"start":{"line":93,"column":2},"end":{"line":93,"column":7}},"loc":{"start":{"line":93,"column":14},"end":{"line":99,"column":3}}},"9":{"name":"(anonymous_9)","decl":{"start":{"line":101,"column":2},"end":{"line":101,"column":8}},"loc":{"start":{"line":101,"column":8},"end":{"line":119,"column":3}}},"10":{"name":"(anonymous_10)","decl":{"start":{"line":107,"column":19},"end":{"line":107,"column":20}},"loc":{"start":{"line":107,"column":30},"end":{"line":110,"column":11}}},"11":{"name":"(anonymous_11)","decl":{"start":{"line":111,"column":15},"end":{"line":111,"column":17}},"loc":{"start":{"line":111,"column":22},"end":{"line":111,"column":38}}},"12":{"name":"(anonymous_12)","decl":{"start":{"line":113,"column":101},"end":{"line":113,"column":103}},"loc":{"start":{"line":113,"column":108},"end":{"line":113,"column":143}}}},"branchMap":{"0":{"loc":{"start":{"line":38,"column":4},"end":{"line":40,"column":5}},"type":"if","locations":[{"start":{"line":38,"column":4},"end":{"line":40,"column":5}}]},"1":{"loc":{"start":{"line":49,"column":4},"end":{"line":52,"column":5}},"type":"if","locations":[{"start":{"line":49,"column":4},"end":{"line":52,"column":5}}]},"2":{"loc":{"start":{"line":54,"column":4},"end":{"line":56,"column":5}},"type":"if","locations":[{"start":{"line":54,"column":4},"end":{"line":56,"column":5}}]},"3":{"loc":{"start":{"line":64,"column":4},"end":{"line":64,"column":47}},"type":"cond-expr","locations":[{"start":{"line":64,"column":16},"end":{"line":64,"column":18}},{"start":{"line":64,"column":16},"end":{"line":64,"column":47}}]},"4":{"loc":{"start":{"line":64,"column":4},"end":{"line":64,"column":18}},"type":"binary-expr","locations":[{"start":{"line":64,"column":4},"end":{"line":64,"column":18}},{"start":{"line":64,"column":16},"end":{"line":64,"column":18}}]},"5":{"loc":{"start":{"line":65,"column":4},"end":{"line":65,"column":49}},"type":"cond-expr","locations":[{"start":{"line":65,"column":23},"end":{"line":65,"column":25}},{"start":{"line":65,"column":23},"end":{"line":65,"column":49}}]},"6":{"loc":{"start":{"line":65,"column":4},"end":{"line":65,"column":25}},"type":"binary-expr","locations":[{"start":{"line":65,"column":4},"end":{"line":65,"column":25}},{"start":{"line":65,"column":23},"end":{"line":65,"column":25}}]},"7":{"loc":{"start":{"line":88,"column":4},"end":{"line":88,"column":67}},"type":"cond-expr","locations":[{"start":{"line":88,"column":57},"end":{"line":88,"column":59}},{"start":{"line":88,"column":57},"end":{"line":88,"column":67}}]},"8":{"loc":{"start":{"line":88,"column":4},"end":{"line":88,"column":59}},"type":"binary-expr","locations":[{"start":{"line":88,"column":4},"end":{"line":88,"column":59}},{"start":{"line":88,"column":57},"end":{"line":88,"column":59}}]},"9":{"loc":{"start":{"line":94,"column":4},"end":{"line":98,"column":5}},"type":"if","locations":[{"start":{"line":94,"column":4},"end":{"line":98,"column":5}},{"start":{"line":96,"column":11},"end":{"line":98,"column":5}}]}},"s":{"0":1,"1":1,"2":4,"3":4,"4":4,"5":4,"6":0,"7":4,"8":0,"9":0,"10":0,"11":0,"12":0,"13":0,"14":0,"15":0,"16":0,"17":0,"18":0,"19":0,"20":0,"21":0,"22":0,"23":0,"24":0,"25":0,"26":0,"27":0,"28":0,"29":0,"30":0,"31":0,"32":0,"33":0,"34":0,"35":4,"36":0,"37":0,"38":4,"39":4,"40":1},"f":{"0":4,"1":4,"2":0,"3":0,"4":0,"5":0,"6":0,"7":0,"8":0,"9":4,"10":0,"11":4,"12":4},"b":{"0":[0],"1":[0],"2":[0],"3":[0,0],"4":[0,0],"5":[0,0],"6":[0,0],"7":[0,0],"8":[0,0],"9":[0,0]}}
,"E:\\projects-new\\verdocs\\verdocs-web-sdk\\verdocs-web-sdk\\src\\components\\controls\\verdocs-checkbox\\verdocs-checkbox.tsx": {"path":"E:\\projects-new\\verdocs\\verdocs-web-sdk\\verdocs-web-sdk\\src\\components\\controls\\verdocs-checkbox\\verdocs-checkbox.tsx","statementMap":{"0":{"start":{"line":1,"column":0},"end":{"line":1,"column":55}},"1":{"start":{"line":29,"column":10},"end":{"line":29,"column":35}},"2":{"start":{"line":34,"column":10},"end":{"line":34,"column":28}},"3":{"start":{"line":40,"column":10},"end":{"line":40,"column":29}},"4":{"start":{"line":47,"column":10},"end":{"line":47,"column":29}},"5":{"start":{"line":52,"column":10},"end":{"line":52,"column":44}},"6":{"start":{"line":57,"column":10},"end":{"line":57,"column":46}},"7":{"start":{"line":62,"column":10},"end":{"line":62,"column":37}},"8":{"start":{"line":65,"column":4},"end":{"line":72,"column":6}},"9":{"start":{"line":20,"column":0},"end":{"line":20,"column":null}}},"fnMap":{"0":{"name":"(anonymous_0)","decl":{"start":{"line":20,"column":0},"end":{"line":20,"column":null}},"loc":{"start":{"line":20,"column":0},"end":{"line":74,"column":null}}},"1":{"name":"(anonymous_1)","decl":{"start":{"line":64,"column":2},"end":{"line":64,"column":8}},"loc":{"start":{"line":64,"column":8},"end":{"line":73,"column":3}}}},"branchMap":{},"s":{"0":1,"1":3,"2":3,"3":3,"4":3,"5":3,"6":3,"7":3,"8":3,"9":1},"f":{"0":3,"1":3},"b":{}}
,"E:\\projects-new\\verdocs\\verdocs-web-sdk\\verdocs-web-sdk\\src\\components\\controls\\verdocs-component-error\\verdocs-component-error.tsx": {"path":"E:\\projects-new\\verdocs\\verdocs-web-sdk\\verdocs-web-sdk\\src\\components\\controls\\verdocs-component-error\\verdocs-component-error.tsx","statementMap":{"0":{"start":{"line":3,"column":0},"end":{"line":3,"column":55}},"1":{"start":{"line":17,"column":10},"end":{"line":17,"column":31}},"2":{"start":{"line":20,"column":4},"end":{"line":24,"column":6}},"3":{"start":{"line":8,"column":0},"end":{"line":8,"column":null}}},"fnMap":{"0":{"name":"(anonymous_0)","decl":{"start":{"line":8,"column":0},"end":{"line":8,"column":null}},"loc":{"start":{"line":8,"column":0},"end":{"line":26,"column":null}}},"1":{"name":"(anonymous_1)","decl":{"start":{"line":19,"column":2},"end":{"line":19,"column":8}},"loc":{"start":{"line":19,"column":8},"end":{"line":25,"column":3}}}},"branchMap":{},"s":{"0":1,"1":2,"2":2,"3":1},"f":{"0":2,"1":2},"b":{}}
,"E:\\projects-new\\verdocs\\verdocs-web-sdk\\verdocs-web-sdk\\src\\components\\controls\\verdocs-date-input\\verdocs-date-input.tsx": {"path":"E:\\projects-new\\verdocs\\verdocs-web-sdk\\verdocs-web-sdk\\src\\components\\controls\\verdocs-date-input\\verdocs-date-input.tsx","statementMap":{"0":{"start":{"line":1,"column":0},"end":{"line":1,"column":43}},"1":{"start":{"line":2,"column":0},"end":{"line":2,"column":79}},"2":{"start":{"line":3,"column":0},"end":{"line":3,"column":50}},"3":{"start":{"line":4,"column":0},"end":{"line":4,"column":48}},"4":{"start":{"line":19,"column":10},"end":{"line":19,"column":59}},"5":{"start":{"line":27,"column":40},"end":{"line":27,"column":59}},"6":{"start":{"line":32,"column":10},"end":{"line":32,"column":29}},"7":{"start":{"line":37,"column":10},"end":{"line":37,"column":35}},"8":{"start":{"line":42,"column":10},"end":{"line":42,"column":32}},"9":{"start":{"line":47,"column":10},"end":{"line":47,"column":36}},"10":{"start":{"line":52,"column":10},"end":{"line":52,"column":36}},"11":{"start":{"line":54,"column":11},"end":{"line":54,"column":38}},"12":{"start":{"line":55,"column":11},"end":{"line":55,"column":37}},"13":{"start":{"line":56,"column":11},"end":{"line":56,"column":93}},"14":{"start":{"line":61,"column":4},"end":{"line":61,"column":24}},"15":{"start":{"line":62,"column":4},"end":{"line":62,"column":24}},"16":{"start":{"line":63,"column":4},"end":{"line":65,"column":12}},"17":{"start":{"line":64,"column":6},"end":{"line":64,"column":27}},"18":{"start":{"line":69,"column":4},"end":{"line":79,"column":7}},"19":{"start":{"line":73,"column":21},"end":{"line":73,"column":40}},"20":{"start":{"line":74,"column":21},"end":{"line":74,"column":41}},"21":{"start":{"line":76,"column":22},"end":{"line":76,"column":79}},"22":{"start":{"line":77,"column":8},"end":{"line":77,"column":41}},"23":{"start":{"line":83,"column":4},"end":{"line":83,"column":26}},"24":{"start":{"line":84,"column":4},"end":{"line":87,"column":64}},"25":{"start":{"line":86,"column":18},"end":{"line":86,"column":41}},"26":{"start":{"line":87,"column":18},"end":{"line":87,"column":62}},"27":{"start":{"line":91,"column":4},"end":{"line":120,"column":6}},"28":{"start":{"line":112,"column":26},"end":{"line":112,"column":63}},"29":{"start":{"line":113,"column":36},"end":{"line":113,"column":63}},"30":{"start":{"line":13,"column":0},"end":{"line":13,"column":null}}},"fnMap":{"0":{"name":"(anonymous_1)","decl":{"start":{"line":13,"column":0},"end":{"line":13,"column":null}},"loc":{"start":{"line":13,"column":0},"end":{"line":122,"column":null}}},"1":{"name":"(anonymous_2)","decl":{"start":{"line":59,"column":2},"end":{"line":59,"column":7}},"loc":{"start":{"line":59,"column":18},"end":{"line":66,"column":3}}},"2":{"name":"(anonymous_3)","decl":{"start":{"line":63,"column":15},"end":{"line":63,"column":18}},"loc":{"start":{"line":63,"column":20},"end":{"line":65,"column":5}}},"3":{"name":"(anonymous_4)","decl":{"start":{"line":68,"column":2},"end":{"line":68,"column":18}},"loc":{"start":{"line":68,"column":18},"end":{"line":80,"column":3}}},"4":{"name":"(anonymous_5)","decl":{"start":{"line":73,"column":14},"end":{"line":73,"column":17}},"loc":{"start":{"line":73,"column":21},"end":{"line":73,"column":40}}},"5":{"name":"(anonymous_6)","decl":{"start":{"line":74,"column":14},"end":{"line":74,"column":17}},"loc":{"start":{"line":74,"column":21},"end":{"line":74,"column":41}}},"6":{"name":"(anonymous_7)","decl":{"start":{"line":75,"column":16},"end":{"line":75,"column":17}},"loc":{"start":{"line":75,"column":42},"end":{"line":78,"column":7}}},"7":{"name":"(anonymous_8)","decl":{"start":{"line":82,"column":2},"end":{"line":82,"column":17}},"loc":{"start":{"line":82,"column":17},"end":{"line":88,"column":3}}},"8":{"name":"(anonymous_9)","decl":{"start":{"line":86,"column":12},"end":{"line":86,"column":15}},"loc":{"start":{"line":86,"column":18},"end":{"line":86,"column":41}}},"9":{"name":"(anonymous_10)","decl":{"start":{"line":87,"column":13},"end":{"line":87,"column":14}},"loc":{"start":{"line":87,"column":18},"end":{"line":87,"column":62}}},"10":{"name":"(anonymous_11)","decl":{"start":{"line":90,"column":2},"end":{"line":90,"column":8}},"loc":{"start":{"line":90,"column":8},"end":{"line":121,"column":3}}},"11":{"name":"(anonymous_12)","decl":{"start":{"line":112,"column":19},"end":{"line":112,"column":21}},"loc":{"start":{"line":112,"column":26},"end":{"line":112,"column":63}}},"12":{"name":"(anonymous_13)","decl":{"start":{"line":113,"column":23},"end":{"line":113,"column":24}},"loc":{"start":{"line":113,"column":36},"end":{"line":113,"column":63}}}},"branchMap":{"0":{"loc":{"start":{"line":62,"column":4},"end":{"line":62,"column":23}},"type":"cond-expr","locations":[{"start":{"line":62,"column":15},"end":{"line":62,"column":17}},{"start":{"line":62,"column":15},"end":{"line":62,"column":23}}]},"1":{"loc":{"start":{"line":62,"column":4},"end":{"line":62,"column":17}},"type":"binary-expr","locations":[{"start":{"line":62,"column":4},"end":{"line":62,"column":17}},{"start":{"line":62,"column":15},"end":{"line":62,"column":17}}]},"2":{"loc":{"start":{"line":94,"column":11},"end":{"line":98,"column":null}},"type":"binary-expr","locations":[{"start":{"line":94,"column":11},"end":{"line":94,"column":21}},{"start":{"line":95,"column":12},"end":{"line":97,"column":null}}]},"3":{"loc":{"start":{"line":97,"column":15},"end":{"line":97,"column":63}},"type":"binary-expr","locations":[{"start":{"line":97,"column":15},"end":{"line":97,"column":28}},{"start":{"line":97,"column":32},"end":{"line":97,"column":63}}]},"4":{"loc":{"start":{"line":117,"column":11},"end":{"line":117,"column":70}},"type":"binary-expr","locations":[{"start":{"line":117,"column":11},"end":{"line":117,"column":24}},{"start":{"line":117,"column":28},"end":{"line":117,"column":70}}]}},"s":{"0":1,"1":1,"2":1,"3":1,"4":4,"5":4,"6":4,"7":4,"8":4,"9":4,"10":4,"11":4,"12":4,"13":4,"14":0,"15":0,"16":0,"17":0,"18":4,"19":0,"20":0,"21":0,"22":0,"23":0,"24":0,"25":0,"26":0,"27":4,"28":4,"29":1,"30":1},"f":{"0":4,"1":0,"2":0,"3":4,"4":0,"5":0,"6":0,"7":0,"8":0,"9":0,"10":4,"11":4,"12":1},"b":{"0":[0,0],"1":[0,0],"2":[4,1],"3":[1,0],"4":[4,0]}}
,"E:\\projects-new\\verdocs\\verdocs-web-sdk\\verdocs-web-sdk\\src\\components\\controls\\verdocs-dropdown\\verdocs-dropdown.tsx": {"path":"E:\\projects-new\\verdocs\\verdocs-web-sdk\\verdocs-web-sdk\\src\\components\\controls\\verdocs-dropdown\\verdocs-dropdown.tsx","statementMap":{"0":{"start":{"line":1,"column":0},"end":{"line":1,"column":42}},"1":{"start":{"line":2,"column":0},"end":{"line":2,"column":45}},"2":{"start":{"line":3,"column":0},"end":{"line":3,"column":79}},"3":{"start":{"line":5,"column":22},"end":{"line":5,"column":199}},"4":{"start":{"line":41,"column":10},"end":{"line":41,"column":38}},"5":{"start":{"line":49,"column":11},"end":{"line":49,"column":87}},"6":{"start":{"line":51,"column":11},"end":{"line":51,"column":30}},"7":{"start":{"line":54,"column":4},"end":{"line":54,"column":24}},"8":{"start":{"line":55,"column":4},"end":{"line":55,"column":38}},"9":{"start":{"line":56,"column":4},"end":{"line":56,"column":28}},"10":{"start":{"line":60,"column":4},"end":{"line":60,"column":39}},"11":{"start":{"line":64,"column":17},"end":{"line":64,"column":54}},"12":{"start":{"line":66,"column":4},"end":{"line":86,"column":6}},"13":{"start":{"line":68,"column":105},"end":{"line":68,"column":139}},"14":{"start":{"line":71,"column":60},"end":{"line":71,"column":83}},"15":{"start":{"line":73,"column":14},"end":{"line":81,"column":15}},"16":{"start":{"line":74,"column":16},"end":{"line":74,"column":71}},"17":{"start":{"line":76,"column":16},"end":{"line":80,"column":18}},"18":{"start":{"line":77,"column":113},"end":{"line":77,"column":147}},"19":{"start":{"line":30,"column":0},"end":{"line":30,"column":null}}},"fnMap":{"0":{"name":"(anonymous_0)","decl":{"start":{"line":30,"column":0},"end":{"line":30,"column":null}},"loc":{"start":{"line":30,"column":0},"end":{"line":88,"column":null}}},"1":{"name":"(anonymous_1)","decl":{"start":{"line":53,"column":2},"end":{"line":53,"column":20}},"loc":{"start":{"line":53,"column":48},"end":{"line":57,"column":3}}},"2":{"name":"(anonymous_2)","decl":{"start":{"line":59,"column":2},"end":{"line":59,"column":8}},"loc":{"start":{"line":59,"column":8},"end":{"line":61,"column":3}}},"3":{"name":"(anonymous_3)","decl":{"start":{"line":63,"column":2},"end":{"line":63,"column":8}},"loc":{"start":{"line":63,"column":8},"end":{"line":87,"column":3}}},"4":{"name":"(anonymous_4)","decl":{"start":{"line":68,"column":98},"end":{"line":68,"column":101}},"loc":{"start":{"line":68,"column":105},"end":{"line":68,"column":139}}},"5":{"name":"(anonymous_5)","decl":{"start":{"line":71,"column":53},"end":{"line":71,"column":56}},"loc":{"start":{"line":71,"column":60},"end":{"line":71,"column":83}}},"6":{"name":"(anonymous_6)","decl":{"start":{"line":72,"column":30},"end":{"line":72,"column":36}},"loc":{"start":{"line":72,"column":39},"end":{"line":82,"column":13}}},"7":{"name":"(anonymous_7)","decl":{"start":{"line":77,"column":108},"end":{"line":77,"column":109}},"loc":{"start":{"line":77,"column":113},"end":{"line":77,"column":147}}}},"branchMap":{"0":{"loc":{"start":{"line":55,"column":4},"end":{"line":55,"column":37}},"type":"cond-expr","locations":[{"start":{"line":55,"column":23},"end":{"line":55,"column":25}},{"start":{"line":55,"column":23},"end":{"line":55,"column":37}}]},"1":{"loc":{"start":{"line":55,"column":4},"end":{"line":55,"column":25}},"type":"binary-expr","locations":[{"start":{"line":55,"column":4},"end":{"line":55,"column":25}},{"start":{"line":55,"column":23},"end":{"line":55,"column":25}}]},"2":{"loc":{"start":{"line":70,"column":9},"end":{"line":83,"column":null}},"type":"binary-expr","locations":[{"start":{"line":70,"column":9},"end":{"line":70,"column":24}},{"start":{"line":71,"column":10},"end":{"line":82,"column":null}}]},"3":{"loc":{"start":{"line":73,"column":14},"end":{"line":81,"column":15}},"type":"if","locations":[{"start":{"line":73,"column":14},"end":{"line":81,"column":15}},{"start":{"line":75,"column":21},"end":{"line":81,"column":15}}]},"4":{"loc":{"start":{"line":77,"column":73},"end":{"line":77,"column":97}},"type":"binary-expr","locations":[{"start":{"line":77,"column":73},"end":{"line":77,"column":88}},{"start":{"line":77,"column":92},"end":{"line":77,"column":97}}]}},"s":{"0":1,"1":1,"2":1,"3":1,"4":3,"5":3,"6":3,"7":0,"8":0,"9":0,"10":0,"11":4,"12":4,"13":0,"14":0,"15":2,"16":0,"17":2,"18":0,"19":1},"f":{"0":3,"1":0,"2":0,"3":4,"4":0,"5":0,"6":2,"7":0},"b":{"0":[0,0],"1":[0,0],"2":[4,1],"3":[0,2],"4":[2,2]}}
,"E:\\projects-new\\verdocs\\verdocs-web-sdk\\verdocs-web-sdk\\src\\components\\controls\\verdocs-file-chooser\\verdocs-file-chooser.tsx": {"path":"E:\\projects-new\\verdocs\\verdocs-web-sdk\\verdocs-web-sdk\\src\\components\\controls\\verdocs-file-chooser\\verdocs-file-chooser.tsx","statementMap":{"0":{"start":{"line":1,"column":0},"end":{"line":1,"column":48}},"1":{"start":{"line":2,"column":0},"end":{"line":2,"column":83}},"2":{"start":{"line":3,"column":0},"end":{"line":3,"column":49}},"3":{"start":{"line":22,"column":10},"end":{"line":22,"column":67}},"4":{"start":{"line":33,"column":4},"end":{"line":33,"column":44}},"5":{"start":{"line":34,"column":4},"end":{"line":34,"column":47}},"6":{"start":{"line":35,"column":4},"end":{"line":35,"column":56}},"7":{"start":{"line":39,"column":4},"end":{"line":39,"column":24}},"8":{"start":{"line":40,"column":4},"end":{"line":40,"column":21}},"9":{"start":{"line":41,"column":4},"end":{"line":41,"column":42}},"10":{"start":{"line":42,"column":4},"end":{"line":42,"column":61}},"11":{"start":{"line":46,"column":24},"end":{"line":46,"column":98}},"12":{"start":{"line":48,"column":4},"end":{"line":69,"column":6}},"13":{"start":{"line":56,"column":25},"end":{"line":56,"column":50}},"14":{"start":{"line":66,"column":73},"end":{"line":66,"column":97}},"15":{"start":{"line":13,"column":0},"end":{"line":13,"column":null}}},"fnMap":{"0":{"name":"(anonymous_0)","decl":{"start":{"line":13,"column":0},"end":{"line":13,"column":null}},"loc":{"start":{"line":13,"column":0},"end":{"line":71,"column":null}}},"1":{"name":"(anonymous_1)","decl":{"start":{"line":32,"column":2},"end":{"line":32,"column":19}},"loc":{"start":{"line":32,"column":26},"end":{"line":36,"column":3}}},"2":{"name":"(anonymous_2)","decl":{"start":{"line":38,"column":2},"end":{"line":38,"column":18}},"loc":{"start":{"line":38,"column":25},"end":{"line":43,"column":3}}},"3":{"name":"(anonymous_3)","decl":{"start":{"line":45,"column":2},"end":{"line":45,"column":8}},"loc":{"start":{"line":45,"column":8},"end":{"line":70,"column":3}}},"4":{"name":"(anonymous_4)","decl":{"start":{"line":56,"column":20},"end":{"line":56,"column":21}},"loc":{"start":{"line":56,"column":25},"end":{"line":56,"column":50}}},"5":{"name":"(anonymous_5)","decl":{"start":{"line":66,"column":68},"end":{"line":66,"column":69}},"loc":{"start":{"line":66,"column":73},"end":{"line":66,"column":97}}}},"branchMap":{"0":{"loc":{"start":{"line":33,"column":16},"end":{"line":33,"column":43}},"type":"binary-expr","locations":[{"start":{"line":33,"column":16},"end":{"line":33,"column":35}},{"start":{"line":33,"column":39},"end":{"line":33,"column":43}}]},"1":{"loc":{"start":{"line":33,"column":16},"end":{"line":33,"column":35}},"type":"cond-expr","locations":[{"start":{"line":33,"column":30},"end":{"line":33,"column":33}},{"start":{"line":33,"column":30},"end":{"line":33,"column":35}}]},"2":{"loc":{"start":{"line":33,"column":16},"end":{"line":33,"column":33}},"type":"binary-expr","locations":[{"start":{"line":33,"column":16},"end":{"line":33,"column":33}},{"start":{"line":33,"column":30},"end":{"line":33,"column":33}}]},"3":{"loc":{"start":{"line":34,"column":4},"end":{"line":34,"column":46}},"type":"cond-expr","locations":[{"start":{"line":34,"column":21},"end":{"line":34,"column":23}},{"start":{"line":34,"column":21},"end":{"line":34,"column":46}}]},"4":{"loc":{"start":{"line":34,"column":4},"end":{"line":34,"column":23}},"type":"binary-expr","locations":[{"start":{"line":34,"column":4},"end":{"line":34,"column":23}},{"start":{"line":34,"column":21},"end":{"line":34,"column":23}}]},"5":{"loc":{"start":{"line":41,"column":4},"end":{"line":41,"column":41}},"type":"cond-expr","locations":[{"start":{"line":41,"column":21},"end":{"line":41,"column":23}},{"start":{"line":41,"column":21},"end":{"line":41,"column":41}}]},"6":{"loc":{"start":{"line":41,"column":4},"end":{"line":41,"column":23}},"type":"binary-expr","locations":[{"start":{"line":41,"column":4},"end":{"line":41,"column":23}},{"start":{"line":41,"column":21},"end":{"line":41,"column":23}}]},"7":{"loc":{"start":{"line":42,"column":4},"end":{"line":42,"column":60}},"type":"cond-expr","locations":[{"start":{"line":42,"column":51},"end":{"line":42,"column":53}},{"start":{"line":42,"column":51},"end":{"line":42,"column":60}}]},"8":{"loc":{"start":{"line":42,"column":4},"end":{"line":42,"column":53}},"type":"binary-expr","locations":[{"start":{"line":42,"column":4},"end":{"line":42,"column":53}},{"start":{"line":42,"column":51},"end":{"line":42,"column":53}}]},"9":{"loc":{"start":{"line":46,"column":24},"end":{"line":46,"column":98}},"type":"cond-expr","locations":[{"start":{"line":46,"column":36},"end":{"line":46,"column":61}},{"start":{"line":46,"column":64},"end":{"line":46,"column":98}}]},"10":{"loc":{"start":{"line":62,"column":42},"end":{"line":62,"column":89}},"type":"cond-expr","locations":[{"start":{"line":62,"column":54},"end":{"line":62,"column":68}},{"start":{"line":62,"column":71},"end":{"line":62,"column":89}}]},"11":{"loc":{"start":{"line":64,"column":34},"end":{"line":64,"column":82}},"type":"cond-expr","locations":[{"start":{"line":64,"column":46},"end":{"line":64,"column":57}},{"start":{"line":64,"column":60},"end":{"line":64,"column":82}}]}},"s":{"0":1,"1":1,"2":1,"3":3,"4":1,"5":1,"6":1,"7":0,"8":0,"9":0,"10":0,"11":4,"12":4,"13":0,"14":0,"15":1},"f":{"0":3,"1":1,"2":0,"3":4,"4":0,"5":0},"b":{"0":[1,0],"1":[0,1],"2":[1,1],"3":[0,1],"4":[1,1],"5":[0,0],"6":[0,0],"7":[0,0],"8":[0,0],"9":[1,3],"10":[1,3],"11":[1,3]}}
,"E:\\projects-new\\verdocs\\verdocs-web-sdk\\verdocs-web-sdk\\src\\components\\controls\\verdocs-help-icon\\verdocs-help-icon.tsx": {"path":"E:\\projects-new\\verdocs\\verdocs-web-sdk\\verdocs-web-sdk\\src\\components\\controls\\verdocs-help-icon\\verdocs-help-icon.tsx","statementMap":{"0":{"start":{"line":1,"column":0},"end":{"line":1,"column":54}},"1":{"start":{"line":2,"column":0},"end":{"line":2,"column":62}},"2":{"start":{"line":5,"column":2},"end":{"line":5,"column":951}},"3":{"start":{"line":27,"column":10},"end":{"line":27,"column":28}},"4":{"start":{"line":32,"column":10},"end":{"line":32,"column":34}},"5":{"start":{"line":34,"column":11},"end":{"line":34,"column":92}},"6":{"start":{"line":37,"column":4},"end":{"line":40,"column":7}},"7":{"start":{"line":44,"column":4},"end":{"line":47,"column":5}},"8":{"start":{"line":45,"column":6},"end":{"line":45,"column":36}},"9":{"start":{"line":46,"column":6},"end":{"line":46,"column":33}},"10":{"start":{"line":51,"column":4},"end":{"line":51,"column":50}},"11":{"start":{"line":52,"column":4},"end":{"line":52,"column":50}},"12":{"start":{"line":56,"column":4},"end":{"line":56,"column":49}},"13":{"start":{"line":60,"column":4},"end":{"line":83,"column":6}},"14":{"start":{"line":66,"column":30},"end":{"line":66,"column":41}},"15":{"start":{"line":67,"column":25},"end":{"line":67,"column":36}},"16":{"start":{"line":68,"column":30},"end":{"line":68,"column":41}},"17":{"start":{"line":69,"column":24},"end":{"line":69,"column":35}},"18":{"start":{"line":70,"column":22},"end":{"line":70,"column":56}},"19":{"start":{"line":77,"column":22},"end":{"line":77,"column":59}},"20":{"start":{"line":14,"column":0},"end":{"line":14,"column":null}}},"fnMap":{"0":{"name":"(anonymous_0)","decl":{"start":{"line":14,"column":0},"end":{"line":14,"column":null}},"loc":{"start":{"line":14,"column":0},"end":{"line":85,"column":null}}},"1":{"name":"(anonymous_1)","decl":{"start":{"line":36,"column":2},"end":{"line":36,"column":18}},"loc":{"start":{"line":36,"column":18},"end":{"line":41,"column":3}}},"2":{"name":"(anonymous_2)","decl":{"start":{"line":43,"column":2},"end":{"line":43,"column":22}},"loc":{"start":{"line":43,"column":22},"end":{"line":48,"column":3}}},"3":{"name":"(anonymous_3)","decl":{"start":{"line":50,"column":2},"end":{"line":50,"column":6}},"loc":{"start":{"line":50,"column":6},"end":{"line":53,"column":3}}},"4":{"name":"(anonymous_4)","decl":{"start":{"line":52,"column":40},"end":{"line":52,"column":43}},"loc":{"start":{"line":52,"column":45},"end":{"line":52,"column":48}}},"5":{"name":"(anonymous_5)","decl":{"start":{"line":55,"column":2},"end":{"line":55,"column":6}},"loc":{"start":{"line":55,"column":6},"end":{"line":57,"column":3}}},"6":{"name":"(anonymous_6)","decl":{"start":{"line":59,"column":2},"end":{"line":59,"column":8}},"loc":{"start":{"line":59,"column":8},"end":{"line":84,"column":3}}},"7":{"name":"(anonymous_7)","decl":{"start":{"line":66,"column":24},"end":{"line":66,"column":27}},"loc":{"start":{"line":66,"column":30},"end":{"line":66,"column":41}}},"8":{"name":"(anonymous_8)","decl":{"start":{"line":67,"column":19},"end":{"line":67,"column":22}},"loc":{"start":{"line":67,"column":25},"end":{"line":67,"column":36}}},"9":{"name":"(anonymous_9)","decl":{"start":{"line":68,"column":24},"end":{"line":68,"column":27}},"loc":{"start":{"line":68,"column":30},"end":{"line":68,"column":41}}},"10":{"name":"(anonymous_10)","decl":{"start":{"line":69,"column":18},"end":{"line":69,"column":21}},"loc":{"start":{"line":69,"column":24},"end":{"line":69,"column":35}}},"11":{"name":"(anonymous_11)","decl":{"start":{"line":70,"column":15},"end":{"line":70,"column":17}},"loc":{"start":{"line":70,"column":22},"end":{"line":70,"column":56}}},"12":{"name":"(anonymous_12)","decl":{"start":{"line":77,"column":15},"end":{"line":77,"column":17}},"loc":{"start":{"line":77,"column":22},"end":{"line":77,"column":59}}}},"branchMap":{"0":{"loc":{"start":{"line":44,"column":4},"end":{"line":47,"column":5}},"type":"if","locations":[{"start":{"line":44,"column":4},"end":{"line":47,"column":5}}]},"1":{"loc":{"start":{"line":51,"column":4},"end":{"line":51,"column":49}},"type":"cond-expr","locations":[{"start":{"line":51,"column":18},"end":{"line":51,"column":20}},{"start":{"line":51,"column":18},"end":{"line":51,"column":49}}]},"2":{"loc":{"start":{"line":51,"column":4},"end":{"line":51,"column":20}},"type":"binary-expr","locations":[{"start":{"line":51,"column":4},"end":{"line":51,"column":20}},{"start":{"line":51,"column":18},"end":{"line":51,"column":20}}]},"3":{"loc":{"start":{"line":52,"column":4},"end":{"line":52,"column":49}},"type":"cond-expr","locations":[{"start":{"line":52,"column":23},"end":{"line":52,"column":25}},{"start":{"line":52,"column":23},"end":{"line":52,"column":49}}]},"4":{"loc":{"start":{"line":52,"column":4},"end":{"line":52,"column":25}},"type":"binary-expr","locations":[{"start":{"line":52,"column":4},"end":{"line":52,"column":25}},{"start":{"line":52,"column":23},"end":{"line":52,"column":25}}]},"5":{"loc":{"start":{"line":56,"column":4},"end":{"line":56,"column":48}},"type":"cond-expr","locations":[{"start":{"line":56,"column":18},"end":{"line":56,"column":20}},{"start":{"line":56,"column":18},"end":{"line":56,"column":48}}]},"6":{"loc":{"start":{"line":56,"column":4},"end":{"line":56,"column":20}},"type":"binary-expr","locations":[{"start":{"line":56,"column":4},"end":{"line":56,"column":20}},{"start":{"line":56,"column":18},"end":{"line":56,"column":20}}]}},"s":{"0":1,"1":1,"2":1,"3":3,"4":3,"5":3,"6":3,"7":0,"8":0,"9":0,"10":0,"11":0,"12":0,"13":3,"14":0,"15":0,"16":0,"17":0,"18":3,"19":3,"20":1},"f":{"0":3,"1":3,"2":0,"3":0,"4":0,"5":0,"6":3,"7":0,"8":0,"9":0,"10":0,"11":3,"12":3},"b":{"0":[0],"1":[0,0],"2":[0,0],"3":[0,0],"4":[0,0],"5":[0,0],"6":[0,0]}}
,"E:\\projects-new\\verdocs\\verdocs-web-sdk\\verdocs-web-sdk\\src\\components\\controls\\verdocs-loader\\verdocs-loader.tsx": {"path":"E:\\projects-new\\verdocs\\verdocs-web-sdk\\verdocs-web-sdk\\src\\components\\controls\\verdocs-loader\\verdocs-loader.tsx","statementMap":{"0":{"start":{"line":1,"column":0},"end":{"line":1,"column":49}},"1":{"start":{"line":17,"column":4},"end":{"line":17,"column":20}},"2":{"start":{"line":10,"column":0},"end":{"line":10,"column":null}}},"fnMap":{"0":{"name":"(anonymous_1)","decl":{"start":{"line":16,"column":2},"end":{"line":16,"column":8}},"loc":{"start":{"line":16,"column":8},"end":{"line":18,"column":3}}}},"branchMap":{},"s":{"0":1,"1":1,"2":1},"f":{"0":1},"b":{}}
,"E:\\projects-new\\verdocs\\verdocs-web-sdk\\verdocs-web-sdk\\src\\components\\controls\\verdocs-menu-panel\\verdocs-menu-panel.tsx": {"path":"E:\\projects-new\\verdocs\\verdocs-web-sdk\\verdocs-web-sdk\\src\\components\\controls\\verdocs-menu-panel\\verdocs-menu-panel.tsx","statementMap":{"0":{"start":{"line":1,"column":0},"end":{"line":1,"column":84}},"1":{"start":{"line":22,"column":10},"end":{"line":22,"column":33}},"2":{"start":{"line":23,"column":10},"end":{"line":23,"column":51}},"3":{"start":{"line":24,"column":10},"end":{"line":24,"column":41}},"4":{"start":{"line":29,"column":10},"end":{"line":29,"column":43}},"5":{"start":{"line":34,"column":10},"end":{"line":34,"column":25}},"6":{"start":{"line":39,"column":10},"end":{"line":39,"column":22}},"7":{"start":{"line":45,"column":4},"end":{"line":48,"column":5}},"8":{"start":{"line":46,"column":6},"end":{"line":46,"column":18}},"9":{"start":{"line":47,"column":6},"end":{"line":47,"column":25}},"10":{"start":{"line":52,"column":4},"end":{"line":52,"column":16}},"11":{"start":{"line":54,"column":4},"end":{"line":58,"column":5}},"12":{"start":{"line":55,"column":6},"end":{"line":55,"column":50}},"13":{"start":{"line":56,"column":6},"end":{"line":56,"column":53}},"14":{"start":{"line":57,"column":6},"end":{"line":57,"column":40}},"15":{"start":{"line":60,"column":4},"end":{"line":60,"column":48}},"16":{"start":{"line":61,"column":4},"end":{"line":61,"column":49}},"17":{"start":{"line":62,"column":4},"end":{"line":62,"column":34}},"18":{"start":{"line":63,"column":4},"end":{"line":63,"column":37}},"19":{"start":{"line":64,"column":4},"end":{"line":64,"column":48}},"20":{"start":{"line":66,"column":4},"end":{"line":70,"column":5}},"21":{"start":{"line":67,"column":6},"end":{"line":67,"column":37}},"22":{"start":{"line":69,"column":6},"end":{"line":69,"column":38}},"23":{"start":{"line":72,"column":4},"end":{"line":72,"column":38}},"24":{"start":{"line":76,"column":4},"end":{"line":76,"column":42}},"25":{"start":{"line":80,"column":4},"end":{"line":80,"column":60}},"26":{"start":{"line":84,"column":4},"end":{"line":84,"column":54}},"27":{"start":{"line":85,"column":4},"end":{"line":85,"column":52}},"28":{"start":{"line":89,"column":4},"end":{"line":93,"column":6}},"29":{"start":{"line":90,"column":24},"end":{"line":90,"column":41}},"30":{"start":{"line":14,"column":0},"end":{"line":14,"column":null}}},"fnMap":{"0":{"name":"(anonymous_0)","decl":{"start":{"line":14,"column":0},"end":{"line":14,"column":null}},"loc":{"start":{"line":14,"column":0},"end":{"line":95,"column":null}}},"1":{"name":"(anonymous_1)","decl":{"start":{"line":44,"column":2},"end":{"line":44,"column":13}},"loc":{"start":{"line":44,"column":20},"end":{"line":49,"column":3}}},"2":{"name":"(anonymous_2)","decl":{"start":{"line":51,"column":2},"end":{"line":51,"column":19}},"loc":{"start":{"line":51,"column":19},"end":{"line":73,"column":3}}},"3":{"name":"(anonymous_3)","decl":{"start":{"line":75,"column":2},"end":{"line":75,"column":18}},"loc":{"start":{"line":75,"column":18},"end":{"line":77,"column":3}}},"4":{"name":"(anonymous_4)","decl":{"start":{"line":79,"column":2},"end":{"line":79,"column":22}},"loc":{"start":{"line":79,"column":22},"end":{"line":81,"column":3}}},"5":{"name":"(anonymous_5)","decl":{"start":{"line":83,"column":2},"end":{"line":83,"column":6}},"loc":{"start":{"line":83,"column":6},"end":{"line":86,"column":3}}},"6":{"name":"(anonymous_6)","decl":{"start":{"line":88,"column":2},"end":{"line":88,"column":8}},"loc":{"start":{"line":88,"column":8},"end":{"line":94,"column":3}}},"7":{"name":"(anonymous_7)","decl":{"start":{"line":90,"column":17},"end":{"line":90,"column":19}},"loc":{"start":{"line":90,"column":24},"end":{"line":90,"column":41}}}},"branchMap":{"0":{"loc":{"start":{"line":45,"column":4},"end":{"line":48,"column":5}},"type":"if","locations":[{"start":{"line":45,"column":4},"end":{"line":48,"column":5}}]},"1":{"loc":{"start":{"line":47,"column":6},"end":{"line":47,"column":24}},"type":"cond-expr","locations":[{"start":{"line":47,"column":16},"end":{"line":47,"column":18}},{"start":{"line":47,"column":16},"end":{"line":47,"column":24}}]},"2":{"loc":{"start":{"line":47,"column":6},"end":{"line":47,"column":18}},"type":"binary-expr","locations":[{"start":{"line":47,"column":6},"end":{"line":47,"column":18}},{"start":{"line":47,"column":16},"end":{"line":47,"column":18}}]},"3":{"loc":{"start":{"line":54,"column":4},"end":{"line":58,"column":5}},"type":"if","locations":[{"start":{"line":54,"column":4},"end":{"line":58,"column":5}}]},"4":{"loc":{"start":{"line":66,"column":4},"end":{"line":70,"column":5}},"type":"if","locations":[{"start":{"line":66,"column":4},"end":{"line":70,"column":5}},{"start":{"line":68,"column":11},"end":{"line":70,"column":5}}]},"5":{"loc":{"start":{"line":80,"column":4},"end":{"line":80,"column":59}},"type":"cond-expr","locations":[{"start":{"line":80,"column":17},"end":{"line":80,"column":37}},{"start":{"line":80,"column":41},"end":{"line":80,"column":58}}]},"6":{"loc":{"start":{"line":84,"column":4},"end":{"line":84,"column":53}},"type":"cond-expr","locations":[{"start":{"line":84,"column":43},"end":{"line":84,"column":45}},{"start":{"line":84,"column":43},"end":{"line":84,"column":53}}]},"7":{"loc":{"start":{"line":84,"column":4},"end":{"line":84,"column":45}},"type":"binary-expr","locations":[{"start":{"line":84,"column":4},"end":{"line":84,"column":45}},{"start":{"line":84,"column":43},"end":{"line":84,"column":45}}]},"8":{"loc":{"start":{"line":85,"column":4},"end":{"line":85,"column":51}},"type":"cond-expr","locations":[{"start":{"line":85,"column":41},"end":{"line":85,"column":43}},{"start":{"line":85,"column":41},"end":{"line":85,"column":51}}]},"9":{"loc":{"start":{"line":85,"column":4},"end":{"line":85,"column":43}},"type":"binary-expr","locations":[{"start":{"line":85,"column":4},"end":{"line":85,"column":43}},{"start":{"line":85,"column":41},"end":{"line":85,"column":43}}]}},"s":{"0":1,"1":4,"2":4,"3":4,"4":4,"5":4,"6":4,"7":1,"8":1,"9":1,"10":4,"11":4,"12":3,"13":3,"14":3,"15":4,"16":4,"17":4,"18":4,"19":4,"20":4,"21":1,"22":3,"23":4,"24":4,"25":5,"26":5,"27":5,"28":4,"29":4,"30":1},"f":{"0":4,"1":1,"2":4,"3":4,"4":5,"5":5,"6":4,"7":4},"b":{"0":[1],"1":[0,1],"2":[1,1],"3":[3],"4":[1,3],"5":[1,4],"6":[4,1],"7":[5,1],"8":[4,1],"9":[5,1]}}
,"E:\\projects-new\\verdocs\\verdocs-web-sdk\\verdocs-web-sdk\\src\\components\\controls\\verdocs-multiselect\\verdocs-multiselect.tsx": {"path":"E:\\projects-new\\verdocs\\verdocs-web-sdk\\verdocs-web-sdk\\src\\components\\controls\\verdocs-multiselect\\verdocs-multiselect.tsx","statementMap":{"0":{"start":{"line":1,"column":0},"end":{"line":1,"column":45}},"1":{"start":{"line":2,"column":0},"end":{"line":2,"column":83}},"2":{"start":{"line":9,"column":17},"end":{"line":9,"column":224}},"3":{"start":{"line":10,"column":15},"end":{"line":10,"column":222}},"4":{"start":{"line":29,"column":10},"end":{"line":29,"column":29}},"5":{"start":{"line":34,"column":10},"end":{"line":34,"column":44}},"6":{"start":{"line":44,"column":10},"end":{"line":44,"column":41}},"7":{"start":{"line":48,"column":11},"end":{"line":48,"column":30}},"8":{"start":{"line":51,"column":4},"end":{"line":55,"column":5}},"9":{"start":{"line":52,"column":6},"end":{"line":52,"column":69}},"10":{"start":{"line":54,"column":6},"end":{"line":54,"column":96}},"11":{"start":{"line":54,"column":69},"end":{"line":54,"column":94}},"12":{"start":{"line":57,"column":4},"end":{"line":57,"column":73}},"13":{"start":{"line":61,"column":17},"end":{"line":61,"column":54}},"14":{"start":{"line":63,"column":4},"end":{"line":106,"column":6}},"15":{"start":{"line":68,"column":71},"end":{"line":68,"column":105}},"16":{"start":{"line":72,"column":51},"end":{"line":72,"column":157}},"17":{"start":{"line":72,"column":107},"end":{"line":72,"column":127}},"18":{"start":{"line":89,"column":18},"end":{"line":97,"column":null}},"19":{"start":{"line":89,"column":54},"end":{"line":89,"column":77}},"20":{"start":{"line":95,"column":43},"end":{"line":95,"column":77}},"21":{"start":{"line":21,"column":0},"end":{"line":21,"column":null}}},"fnMap":{"0":{"name":"(anonymous_0)","decl":{"start":{"line":21,"column":0},"end":{"line":21,"column":null}},"loc":{"start":{"line":21,"column":0},"end":{"line":108,"column":null}}},"1":{"name":"(anonymous_1)","decl":{"start":{"line":50,"column":2},"end":{"line":50,"column":20}},"loc":{"start":{"line":50,"column":55},"end":{"line":58,"column":3}}},"2":{"name":"(anonymous_2)","decl":{"start":{"line":54,"column":57},"end":{"line":54,"column":65}},"loc":{"start":{"line":54,"column":69},"end":{"line":54,"column":94}}},"3":{"name":"(anonymous_3)","decl":{"start":{"line":60,"column":2},"end":{"line":60,"column":8}},"loc":{"start":{"line":60,"column":8},"end":{"line":107,"column":3}}},"4":{"name":"(anonymous_4)","decl":{"start":{"line":68,"column":64},"end":{"line":68,"column":67}},"loc":{"start":{"line":68,"column":71},"end":{"line":68,"column":105}}},"5":{"name":"(anonymous_5)","decl":{"start":{"line":72,"column":41},"end":{"line":72,"column":47}},"loc":{"start":{"line":72,"column":50},"end":{"line":72,"column":157}}},"6":{"name":"(anonymous_6)","decl":{"start":{"line":72,"column":100},"end":{"line":72,"column":103}},"loc":{"start":{"line":72,"column":107},"end":{"line":72,"column":127}}},"7":{"name":"(anonymous_7)","decl":{"start":{"line":88,"column":34},"end":{"line":88,"column":35}},"loc":{"start":{"line":89,"column":18},"end":{"line":97,"column":null}}},"8":{"name":"(anonymous_8)","decl":{"start":{"line":89,"column":47},"end":{"line":89,"column":50}},"loc":{"start":{"line":89,"column":54},"end":{"line":89,"column":77}}},"9":{"name":"(anonymous_9)","decl":{"start":{"line":95,"column":31},"end":{"line":95,"column":32}},"loc":{"start":{"line":95,"column":43},"end":{"line":95,"column":77}}}},"branchMap":{"0":{"loc":{"start":{"line":51,"column":4},"end":{"line":55,"column":5}},"type":"if","locations":[{"start":{"line":51,"column":4},"end":{"line":55,"column":5}},{"start":{"line":53,"column":11},"end":{"line":55,"column":5}}]},"1":{"loc":{"start":{"line":57,"column":4},"end":{"line":57,"column":72}},"type":"cond-expr","locations":[{"start":{"line":57,"column":25},"end":{"line":57,"column":27}},{"start":{"line":57,"column":25},"end":{"line":57,"column":72}}]},"2":{"loc":{"start":{"line":57,"column":4},"end":{"line":57,"column":27}},"type":"binary-expr","locations":[{"start":{"line":57,"column":4},"end":{"line":57,"column":27}},{"start":{"line":57,"column":25},"end":{"line":57,"column":27}}]},"3":{"loc":{"start":{"line":64,"column":19},"end":{"line":64,"column":54}},"type":"cond-expr","locations":[{"start":{"line":64,"column":37},"end":{"line":64,"column":43}},{"start":{"line":64,"column":46},"end":{"line":64,"column":54}}]},"4":{"loc":{"start":{"line":66,"column":11},"end":{"line":66,"column":83}},"type":"cond-expr","locations":[{"start":{"line":66,"column":24},"end":{"line":66,"column":73}},{"start":{"line":66,"column":76},"end":{"line":66,"column":83}}]},"5":{"loc":{"start":{"line":69,"column":15},"end":{"line":72,"column":null}},"type":"cond-expr","locations":[{"start":{"line":70,"column":16},"end":{"line":70,"column":67}},{"start":{"line":72,"column":16},"end":{"line":72,"column":157}}]},"6":{"loc":{"start":{"line":72,"column":82},"end":{"line":72,"column":148}},"type":"binary-expr","locations":[{"start":{"line":72,"column":82},"end":{"line":72,"column":135}},{"start":{"line":72,"column":139},"end":{"line":72,"column":148}}]},"7":{"loc":{"start":{"line":72,"column":82},"end":{"line":72,"column":135}},"type":"cond-expr","locations":[{"start":{"line":72,"column":128},"end":{"line":72,"column":130}},{"start":{"line":72,"column":128},"end":{"line":72,"column":135}}]},"8":{"loc":{"start":{"line":72,"column":82},"end":{"line":72,"column":130}},"type":"binary-expr","locations":[{"start":{"line":72,"column":82},"end":{"line":72,"column":130}},{"start":{"line":72,"column":128},"end":{"line":72,"column":130}}]},"9":{"loc":{"start":{"line":76,"column":41},"end":{"line":76,"column":76}},"type":"cond-expr","locations":[{"start":{"line":76,"column":59},"end":{"line":76,"column":65}},{"start":{"line":76,"column":68},"end":{"line":76,"column":76}}]},"10":{"loc":{"start":{"line":78,"column":13},"end":{"line":101,"column":null}},"type":"binary-expr","locations":[{"start":{"line":78,"column":13},"end":{"line":78,"column":28}},{"start":{"line":79,"column":14},"end":{"line":99,"column":null}}]}},"s":{"0":1,"1":1,"2":1,"3":1,"4":4,"5":4,"6":4,"7":4,"8":1,"9":1,"10":0,"11":0,"12":1,"13":5,"14":5,"15":0,"16":2,"17":2,"18":0,"19":0,"20":0,"21":1},"f":{"0":4,"1":1,"2":0,"3":5,"4":0,"5":2,"6":2,"7":0,"8":0,"9":0},"b":{"0":[1,0],"1":[0,1],"2":[1,1],"3":[0,5],"4":[4,1],"5":[3,2],"6":[2,0],"7":[0,2],"8":[2,2],"9":[0,5],"10":[5,0]}}
,"E:\\projects-new\\verdocs\\verdocs-web-sdk\\verdocs-web-sdk\\src\\components\\controls\\verdocs-organization-card\\verdocs-organization-card.tsx": {"path":"E:\\projects-new\\verdocs\\verdocs-web-sdk\\verdocs-web-sdk\\src\\components\\controls\\verdocs-organization-card\\verdocs-organization-card.tsx","statementMap":{"0":{"start":{"line":1,"column":0},"end":{"line":1,"column":32}},"1":{"start":{"line":2,"column":0},"end":{"line":2,"column":70}},"2":{"start":{"line":9,"column":2},"end":{"line":9,"column":354}},"3":{"start":{"line":29,"column":2},"end":{"line":29,"column":27}},"4":{"start":{"line":33,"column":4},"end":{"line":33,"column":24}},"5":{"start":{"line":38,"column":4},"end":{"line":38,"column":25}},"6":{"start":{"line":42,"column":4},"end":{"line":42,"column":90}},"7":{"start":{"line":43,"column":25},"end":{"line":43,"column":37}},"8":{"start":{"line":44,"column":21},"end":{"line":44,"column":63}},"9":{"start":{"line":46,"column":4},"end":{"line":85,"column":6}},"10":{"start":{"line":18,"column":0},"end":{"line":18,"column":null}}},"fnMap":{"0":{"name":"(anonymous_0)","decl":{"start":{"line":18,"column":0},"end":{"line":18,"column":null}},"loc":{"start":{"line":18,"column":0},"end":{"line":87,"column":null}}},"1":{"name":"(anonymous_1)","decl":{"start":{"line":32,"column":2},"end":{"line":32,"column":13}},"loc":{"start":{"line":32,"column":13},"end":{"line":34,"column":3}}},"2":{"name":"(anonymous_2)","decl":{"start":{"line":37,"column":2},"end":{"line":37,"column":12}},"loc":{"start":{"line":37,"column":12},"end":{"line":39,"column":3}}},"3":{"name":"(anonymous_3)","decl":{"start":{"line":41,"column":2},"end":{"line":41,"column":8}},"loc":{"start":{"line":41,"column":8},"end":{"line":86,"column":3}}}},"branchMap":{"0":{"loc":{"start":{"line":48,"column":9},"end":{"line":48,"column":161}},"type":"cond-expr","locations":[{"start":{"line":48,"column":43},"end":{"line":48,"column":112}},{"start":{"line":48,"column":115},"end":{"line":48,"column":161}}]},"1":{"loc":{"start":{"line":50,"column":31},"end":{"line":50,"column":54}},"type":"cond-expr","locations":[{"start":{"line":50,"column":48},"end":{"line":50,"column":50}},{"start":{"line":50,"column":48},"end":{"line":50,"column":54}}]},"2":{"loc":{"start":{"line":50,"column":31},"end":{"line":50,"column":50}},"type":"binary-expr","locations":[{"start":{"line":50,"column":31},"end":{"line":50,"column":50}},{"start":{"line":50,"column":48},"end":{"line":50,"column":50}}]},"3":{"loc":{"start":{"line":53,"column":63},"end":{"line":53,"column":94}},"type":"cond-expr","locations":[{"start":{"line":53,"column":78},"end":{"line":53,"column":85}},{"start":{"line":53,"column":88},"end":{"line":53,"column":94}}]},"4":{"loc":{"start":{"line":54,"column":13},"end":{"line":65,"column":null}},"type":"cond-expr","locations":[{"start":{"line":55,"column":14},"end":{"line":57,"column":null}},{"start":{"line":60,"column":14},"end":{"line":64,"column":null}}]},"5":{"loc":{"start":{"line":57,"column":36},"end":{"line":57,"column":59}},"type":"cond-expr","locations":[{"start":{"line":57,"column":53},"end":{"line":57,"column":55}},{"start":{"line":57,"column":53},"end":{"line":57,"column":59}}]},"6":{"loc":{"start":{"line":57,"column":36},"end":{"line":57,"column":55}},"type":"binary-expr","locations":[{"start":{"line":57,"column":36},"end":{"line":57,"column":55}},{"start":{"line":57,"column":53},"end":{"line":57,"column":55}}]},"7":{"loc":{"start":{"line":64,"column":37},"end":{"line":64,"column":60}},"type":"cond-expr","locations":[{"start":{"line":64,"column":54},"end":{"line":64,"column":56}},{"start":{"line":64,"column":54},"end":{"line":64,"column":60}}]},"8":{"loc":{"start":{"line":64,"column":37},"end":{"line":64,"column":56}},"type":"binary-expr","locations":[{"start":{"line":64,"column":37},"end":{"line":64,"column":56}},{"start":{"line":64,"column":54},"end":{"line":64,"column":56}}]},"9":{"loc":{"start":{"line":71,"column":33},"end":{"line":71,"column":75}},"type":"binary-expr","locations":[{"start":{"line":71,"column":33},"end":{"line":71,"column":62}},{"start":{"line":71,"column":66},"end":{"line":71,"column":75}}]},"10":{"loc":{"start":{"line":71,"column":33},"end":{"line":71,"column":62}},"type":"cond-expr","locations":[{"start":{"line":71,"column":50},"end":{"line":71,"column":52}},{"start":{"line":71,"column":50},"end":{"line":71,"column":62}}]},"11":{"loc":{"start":{"line":71,"column":33},"end":{"line":71,"column":52}},"type":"binary-expr","locations":[{"start":{"line":71,"column":33},"end":{"line":71,"column":52}},{"start":{"line":71,"column":50},"end":{"line":71,"column":52}}]},"12":{"loc":{"start":{"line":73,"column":15},"end":{"line":79,"column":null}},"type":"binary-expr","locations":[{"start":{"line":73,"column":15},"end":{"line":73,"column":36}},{"start":{"line":74,"column":16},"end":{"line":78,"column":null}}]},"13":{"loc":{"start":{"line":76,"column":27},"end":{"line":76,"column":49}},"type":"cond-expr","locations":[{"start":{"line":76,"column":44},"end":{"line":76,"column":46}},{"start":{"line":76,"column":44},"end":{"line":76,"column":49}}]},"14":{"loc":{"start":{"line":76,"column":27},"end":{"line":76,"column":46}},"type":"binary-expr","locations":[{"start":{"line":76,"column":27},"end":{"line":76,"column":46}},{"start":{"line":76,"column":44},"end":{"line":76,"column":46}}]},"15":{"loc":{"start":{"line":77,"column":21},"end":{"line":77,"column":43}},"type":"cond-expr","locations":[{"start":{"line":77,"column":38},"end":{"line":77,"column":40}},{"start":{"line":77,"column":38},"end":{"line":77,"column":43}}]},"16":{"loc":{"start":{"line":77,"column":21},"end":{"line":77,"column":40}},"type":"binary-expr","locations":[{"start":{"line":77,"column":21},"end":{"line":77,"column":40}},{"start":{"line":77,"column":38},"end":{"line":77,"column":40}}]}},"s":{"0":1,"1":1,"2":1,"3":3,"4":0,"5":0,"6":3,"7":3,"8":3,"9":3,"10":1},"f":{"0":3,"1":0,"2":0,"3":3},"b":{"0":[1,2],"1":[0,3],"2":[3,3],"3":[0,3],"4":[1,2],"5":[0,1],"6":[1,1],"7":[0,2],"8":[2,2],"9":[3,0],"10":[0,3],"11":[3,3],"12":[3,0],"13":[0,0],"14":[0,0],"15":[0,0],"16":[0,0]}}
,"E:\\projects-new\\verdocs\\verdocs-web-sdk\\verdocs-web-sdk\\src\\components\\controls\\verdocs-pagination\\verdocs-pagination.tsx": {"path":"E:\\projects-new\\verdocs\\verdocs-web-sdk\\verdocs-web-sdk\\src\\components\\controls\\verdocs-pagination\\verdocs-pagination.tsx","statementMap":{"0":{"start":{"line":1,"column":0},"end":{"line":1,"column":48}},"1":{"start":{"line":2,"column":0},"end":{"line":2,"column":56}},"2":{"start":{"line":3,"column":0},"end":{"line":3,"column":79}},"3":{"start":{"line":5,"column":26},"end":{"line":5,"column":257}},"4":{"start":{"line":7,"column":27},"end":{"line":7,"column":256}},"5":{"start":{"line":11,"column":22},"end":{"line":11,"column":23}},"6":{"start":{"line":13,"column":117},"end":{"line":24,"column":1}},"7":{"start":{"line":15,"column":2},"end":{"line":21,"column":3}},"8":{"start":{"line":16,"column":4},"end":{"line":16,"column":30}},"9":{"start":{"line":17,"column":9},"end":{"line":21,"column":3}},"10":{"start":{"line":18,"column":4},"end":{"line":18,"column":31}},"11":{"start":{"line":20,"column":4},"end":{"line":20,"column":29}},"12":{"start":{"line":23,"column":2},"end":{"line":23,"column":126}},"13":{"start":{"line":23,"column":90},"end":{"line":23,"column":103}},"14":{"start":{"line":49,"column":40},"end":{"line":49,"column":65}},"15":{"start":{"line":54,"column":10},"end":{"line":54,"column":32}},"16":{"start":{"line":59,"column":10},"end":{"line":59,"column":31}},"17":{"start":{"line":67,"column":4},"end":{"line":67,"column":29}},"18":{"start":{"line":68,"column":4},"end":{"line":68,"column":48}},"19":{"start":{"line":72,"column":22},"end":{"line":72,"column":56}},"20":{"start":{"line":73,"column":21},"end":{"line":73,"column":86}},"21":{"start":{"line":74,"column":27},"end":{"line":74,"column":131}},"22":{"start":{"line":76,"column":4},"end":{"line":90,"column":6}},"23":{"start":{"line":78,"column":105},"end":{"line":78,"column":129}},"24":{"start":{"line":83,"column":10},"end":{"line":83,"column":118}},"25":{"start":{"line":83,"column":86},"end":{"line":83,"column":114}},"26":{"start":{"line":88,"column":115},"end":{"line":88,"column":150}},"27":{"start":{"line":38,"column":0},"end":{"line":38,"column":null}}},"fnMap":{"0":{"name":"(anonymous_0)","decl":{"start":{"line":13,"column":117},"end":{"line":13,"column":118}},"loc":{"start":{"line":13,"column":147},"end":{"line":24,"column":1}}},"1":{"name":"(anonymous_1)","decl":{"start":{"line":23,"column":84},"end":{"line":23,"column":87}},"loc":{"start":{"line":23,"column":90},"end":{"line":23,"column":103}}},"2":{"name":"(anonymous_2)","decl":{"start":{"line":38,"column":0},"end":{"line":38,"column":null}},"loc":{"start":{"line":38,"column":0},"end":{"line":92,"column":null}}},"3":{"name":"(anonymous_3)","decl":{"start":{"line":66,"column":2},"end":{"line":66,"column":18}},"loc":{"start":{"line":66,"column":31},"end":{"line":69,"column":3}}},"4":{"name":"(anonymous_4)","decl":{"start":{"line":71,"column":2},"end":{"line":71,"column":8}},"loc":{"start":{"line":71,"column":8},"end":{"line":91,"column":3}}},"5":{"name":"(anonymous_5)","decl":{"start":{"line":78,"column":99},"end":{"line":78,"column":102}},"loc":{"start":{"line":78,"column":105},"end":{"line":78,"column":129}}},"6":{"name":"(anonymous_6)","decl":{"start":{"line":82,"column":28},"end":{"line":82,"column":38}},"loc":{"start":{"line":83,"column":10},"end":{"line":83,"column":118}}},"7":{"name":"(anonymous_7)","decl":{"start":{"line":83,"column":78},"end":{"line":83,"column":82}},"loc":{"start":{"line":83,"column":86},"end":{"line":83,"column":114}}},"8":{"name":"(anonymous_8)","decl":{"start":{"line":88,"column":109},"end":{"line":88,"column":112}},"loc":{"start":{"line":88,"column":115},"end":{"line":88,"column":150}}}},"branchMap":{"0":{"loc":{"start":{"line":15,"column":2},"end":{"line":21,"column":3}},"type":"if","locations":[{"start":{"line":15,"column":2},"end":{"line":21,"column":3}},{"start":{"line":17,"column":9},"end":{"line":21,"column":3}}]},"1":{"loc":{"start":{"line":17,"column":9},"end":{"line":21,"column":3}},"type":"if","locations":[{"start":{"line":17,"column":9},"end":{"line":21,"column":3}},{"start":{"line":19,"column":9},"end":{"line":21,"column":3}}]},"2":{"loc":{"start":{"line":23,"column":36},"end":{"line":23,"column":71}},"type":"cond-expr","locations":[{"start":{"line":23,"column":56},"end":{"line":23,"column":66}},{"start":{"line":23,"column":69},"end":{"line":23,"column":71}}]},"3":{"loc":{"start":{"line":68,"column":4},"end":{"line":68,"column":47}},"type":"cond-expr","locations":[{"start":{"line":68,"column":19},"end":{"line":68,"column":21}},{"start":{"line":68,"column":19},"end":{"line":68,"column":47}}]},"4":{"loc":{"start":{"line":68,"column":4},"end":{"line":68,"column":21}},"type":"binary-expr","locations":[{"start":{"line":68,"column":4},"end":{"line":68,"column":21}},{"start":{"line":68,"column":19},"end":{"line":68,"column":21}}]},"5":{"loc":{"start":{"line":73,"column":21},"end":{"line":73,"column":86}},"type":"cond-expr","locations":[{"start":{"line":73,"column":42},"end":{"line":73,"column":82}},{"start":{"line":73,"column":85},"end":{"line":73,"column":86}}]},"6":{"loc":{"start":{"line":78,"column":9},"end":{"line":78,"column":133}},"type":"binary-expr","locations":[{"start":{"line":78,"column":9},"end":{"line":78,"column":30}},{"start":{"line":78,"column":34},"end":{"line":78,"column":133}}]},"7":{"loc":{"start":{"line":80,"column":9},"end":{"line":80,"column":57}},"type":"binary-expr","locations":[{"start":{"line":80,"column":9},"end":{"line":80,"column":22}},{"start":{"line":80,"column":26},"end":{"line":80,"column":57}}]},"8":{"loc":{"start":{"line":86,"column":9},"end":{"line":86,"column":76}},"type":"binary-expr","locations":[{"start":{"line":86,"column":9},"end":{"line":86,"column":41}},{"start":{"line":86,"column":45},"end":{"line":86,"column":76}}]},"9":{"loc":{"start":{"line":88,"column":9},"end":{"line":88,"column":154}},"type":"binary-expr","locations":[{"start":{"line":88,"column":9},"end":{"line":88,"column":41}},{"start":{"line":88,"column":45},"end":{"line":88,"column":154}}]}},"s":{"0":1,"1":1,"2":1,"3":1,"4":1,"5":1,"6":1,"7":15,"8":2,"9":13,"10":2,"11":11,"12":15,"13":1,"14":3,"15":3,"16":3,"17":1,"18":1,"19":3,"20":3,"21":3,"22":3,"23":0,"24":11,"25":1,"26":0,"27":1},"f":{"0":15,"1":1,"2":3,"3":1,"4":3,"5":0,"6":11,"7":1,"8":0},"b":{"0":[2,13],"1":[2,11],"2":[3,12],"3":[0,1],"4":[1,1],"5":[3,0],"6":[3,2],"7":[3,0],"8":[3,2],"9":[3,2]}}
,"E:\\projects-new\\verdocs\\verdocs-web-sdk\\verdocs-web-sdk\\src\\components\\controls\\verdocs-portal\\verdocs-portal.tsx": {"path":"E:\\projects-new\\verdocs\\verdocs-web-sdk\\verdocs-web-sdk\\src\\components\\controls\\verdocs-portal\\verdocs-portal.tsx","statementMap":{"0":{"start":{"line":1,"column":0},"end":{"line":1,"column":84}},"1":{"start":{"line":3,"column":16},"end":{"line":3,"column":23}},"2":{"start":{"line":32,"column":10},"end":{"line":32,"column":33}},"3":{"start":{"line":42,"column":10},"end":{"line":42,"column":30}},"4":{"start":{"line":48,"column":4},"end":{"line":48,"column":29}},"5":{"start":{"line":53,"column":4},"end":{"line":53,"column":29}},"6":{"start":{"line":58,"column":20},"end":{"line":58,"column":55}},"7":{"start":{"line":59,"column":4},"end":{"line":61,"column":5}},"8":{"start":{"line":60,"column":6},"end":{"line":60,"column":29}},"9":{"start":{"line":65,"column":4},"end":{"line":65,"column":90}},"10":{"start":{"line":65,"column":77},"end":{"line":65,"column":88}},"11":{"start":{"line":69,"column":21},"end":{"line":69,"column":57}},"12":{"start":{"line":70,"column":4},"end":{"line":70,"column":28}},"13":{"start":{"line":70,"column":19},"end":{"line":70,"column":28}},"14":{"start":{"line":72,"column":23},"end":{"line":72,"column":55}},"15":{"start":{"line":74,"column":38},"end":{"line":74,"column":112}},"16":{"start":{"line":75,"column":24},"end":{"line":75,"column":52}},"17":{"start":{"line":80,"column":23},"end":{"line":80,"column":55}},"18":{"start":{"line":81,"column":25},"end":{"line":81,"column":77}},"19":{"start":{"line":83,"column":4},"end":{"line":83,"column":84}},"20":{"start":{"line":87,"column":21},"end":{"line":87,"column":57}},"21":{"start":{"line":88,"column":4},"end":{"line":88,"column":28}},"22":{"start":{"line":88,"column":19},"end":{"line":88,"column":28}},"23":{"start":{"line":90,"column":23},"end":{"line":90,"column":55}},"24":{"start":{"line":92,"column":39},"end":{"line":92,"column":113}},"25":{"start":{"line":93,"column":23},"end":{"line":93,"column":92}},"26":{"start":{"line":94,"column":24},"end":{"line":94,"column":57}},"27":{"start":{"line":95,"column":26},"end":{"line":95,"column":79}},"28":{"start":{"line":97,"column":4},"end":{"line":97,"column":85}},"29":{"start":{"line":101,"column":4},"end":{"line":101,"column":55}},"30":{"start":{"line":102,"column":4},"end":{"line":102,"column":57}},"31":{"start":{"line":106,"column":15},"end":{"line":106,"column":38}},"32":{"start":{"line":107,"column":4},"end":{"line":107,"column":42}},"33":{"start":{"line":109,"column":4},"end":{"line":109,"column":48}},"34":{"start":{"line":110,"column":4},"end":{"line":110,"column":39}},"35":{"start":{"line":111,"column":4},"end":{"line":111,"column":39}},"36":{"start":{"line":112,"column":4},"end":{"line":112,"column":44}},"37":{"start":{"line":113,"column":4},"end":{"line":113,"column":53}},"38":{"start":{"line":114,"column":4},"end":{"line":114,"column":38}},"39":{"start":{"line":118,"column":4},"end":{"line":118,"column":42}},"40":{"start":{"line":119,"column":4},"end":{"line":119,"column":29}},"41":{"start":{"line":123,"column":4},"end":{"line":123,"column":60}},"42":{"start":{"line":127,"column":4},"end":{"line":131,"column":6}},"43":{"start":{"line":128,"column":24},"end":{"line":128,"column":41}},"44":{"start":{"line":24,"column":0},"end":{"line":24,"column":null}}},"fnMap":{"0":{"name":"(anonymous_0)","decl":{"start":{"line":24,"column":0},"end":{"line":24,"column":null}},"loc":{"start":{"line":24,"column":0},"end":{"line":133,"column":null}}},"1":{"name":"(anonymous_1)","decl":{"start":{"line":47,"column":2},"end":{"line":47,"column":14}},"loc":{"start":{"line":47,"column":14},"end":{"line":49,"column":3}}},"2":{"name":"(anonymous_2)","decl":{"start":{"line":52,"column":2},"end":{"line":52,"column":14}},"loc":{"start":{"line":52,"column":14},"end":{"line":54,"column":3}}},"3":{"name":"(anonymous_3)","decl":{"start":{"line":57,"column":2},"end":{"line":57,"column":13}},"loc":{"start":{"line":57,"column":15},"end":{"line":66,"column":3}}},"4":{"name":"(anonymous_4)","decl":{"start":{"line":65,"column":71},"end":{"line":65,"column":73}},"loc":{"start":{"line":65,"column":77},"end":{"line":65,"column":88}}},"5":{"name":"(anonymous_5)","decl":{"start":{"line":68,"column":10},"end":{"line":68,"column":23}},"loc":{"start":{"line":68,"column":23},"end":{"line":84,"column":3}}},"6":{"name":"(anonymous_6)","decl":{"start":{"line":86,"column":10},"end":{"line":86,"column":22}},"loc":{"start":{"line":86,"column":22},"end":{"line":98,"column":3}}},"7":{"name":"(anonymous_7)","decl":{"start":{"line":100,"column":10},"end":{"line":100,"column":27}},"loc":{"start":{"line":100,"column":27},"end":{"line":103,"column":3}}},"8":{"name":"(anonymous_8)","decl":{"start":{"line":105,"column":2},"end":{"line":105,"column":19}},"loc":{"start":{"line":105,"column":19},"end":{"line":115,"column":3}}},"9":{"name":"(anonymous_9)","decl":{"start":{"line":117,"column":2},"end":{"line":117,"column":18}},"loc":{"start":{"line":117,"column":18},"end":{"line":120,"column":3}}},"10":{"name":"(anonymous_10)","decl":{"start":{"line":122,"column":2},"end":{"line":122,"column":22}},"loc":{"start":{"line":122,"column":22},"end":{"line":124,"column":3}}},"11":{"name":"(anonymous_11)","decl":{"start":{"line":126,"column":2},"end":{"line":126,"column":8}},"loc":{"start":{"line":126,"column":8},"end":{"line":132,"column":3}}},"12":{"name":"(anonymous_12)","decl":{"start":{"line":128,"column":17},"end":{"line":128,"column":19}},"loc":{"start":{"line":128,"column":24},"end":{"line":128,"column":41}}}},"branchMap":{"0":{"loc":{"start":{"line":59,"column":4},"end":{"line":61,"column":5}},"type":"if","locations":[{"start":{"line":59,"column":4},"end":{"line":61,"column":5}}]},"1":{"loc":{"start":{"line":59,"column":8},"end":{"line":59,"column":52}},"type":"binary-expr","locations":[{"start":{"line":59,"column":8},"end":{"line":59,"column":40}},{"start":{"line":59,"column":44},"end":{"line":59,"column":52}}]},"2":{"loc":{"start":{"line":60,"column":6},"end":{"line":60,"column":28}},"type":"cond-expr","locations":[{"start":{"line":60,"column":20},"end":{"line":60,"column":22}},{"start":{"line":60,"column":20},"end":{"line":60,"column":28}}]},"3":{"loc":{"start":{"line":60,"column":6},"end":{"line":60,"column":22}},"type":"binary-expr","locations":[{"start":{"line":60,"column":6},"end":{"line":60,"column":22}},{"start":{"line":60,"column":20},"end":{"line":60,"column":22}}]},"4":{"loc":{"start":{"line":70,"column":4},"end":{"line":70,"column":28}},"type":"if","locations":[{"start":{"line":70,"column":4},"end":{"line":70,"column":28}}]},"5":{"loc":{"start":{"line":80,"column":23},"end":{"line":80,"column":55}},"type":"binary-expr","locations":[{"start":{"line":80,"column":23},"end":{"line":80,"column":48}},{"start":{"line":80,"column":52},"end":{"line":80,"column":55}}]},"6":{"loc":{"start":{"line":80,"column":23},"end":{"line":80,"column":48}},"type":"cond-expr","locations":[{"start":{"line":80,"column":35},"end":{"line":80,"column":37}},{"start":{"line":80,"column":35},"end":{"line":80,"column":48}}]},"7":{"loc":{"start":{"line":80,"column":23},"end":{"line":80,"column":37}},"type":"binary-expr","locations":[{"start":{"line":80,"column":23},"end":{"line":80,"column":37}},{"start":{"line":80,"column":35},"end":{"line":80,"column":37}}]},"8":{"loc":{"start":{"line":83,"column":11},"end":{"line":83,"column":83}},"type":"cond-expr","locations":[{"start":{"line":83,"column":26},"end":{"line":83,"column":69}},{"start":{"line":83,"column":72},"end":{"line":83,"column":83}}]},"9":{"loc":{"start":{"line":88,"column":4},"end":{"line":88,"column":28}},"type":"if","locations":[{"start":{"line":88,"column":4},"end":{"line":88,"column":28}}]},"10":{"loc":{"start":{"line":94,"column":24},"end":{"line":94,"column":57}},"type":"binary-expr","locations":[{"start":{"line":94,"column":24},"end":{"line":94,"column":50}},{"start":{"line":94,"column":54},"end":{"line":94,"column":57}}]},"11":{"loc":{"start":{"line":94,"column":24},"end":{"line":94,"column":50}},"type":"cond-expr","locations":[{"start":{"line":94,"column":36},"end":{"line":94,"column":38}},{"start":{"line":94,"column":36},"end":{"line":94,"column":50}}]},"12":{"loc":{"start":{"line":94,"column":24},"end":{"line":94,"column":38}},"type":"binary-expr","locations":[{"start":{"line":94,"column":24},"end":{"line":94,"column":38}},{"start":{"line":94,"column":36},"end":{"line":94,"column":38}}]},"13":{"loc":{"start":{"line":97,"column":11},"end":{"line":97,"column":84}},"type":"cond-expr","locations":[{"start":{"line":97,"column":27},"end":{"line":97,"column":71}},{"start":{"line":97,"column":74},"end":{"line":97,"column":84}}]},"14":{"loc":{"start":{"line":107,"column":4},"end":{"line":107,"column":41}},"type":"cond-expr","locations":[{"start":{"line":107,"column":31},"end":{"line":107,"column":33}},{"start":{"line":107,"column":31},"end":{"line":107,"column":41}}]},"15":{"loc":{"start":{"line":107,"column":4},"end":{"line":107,"column":33}},"type":"binary-expr","locations":[{"start":{"line":107,"column":4},"end":{"line":107,"column":33}},{"start":{"line":107,"column":31},"end":{"line":107,"column":33}}]},"16":{"loc":{"start":{"line":123,"column":4},"end":{"line":123,"column":59}},"type":"cond-expr","locations":[{"start":{"line":123,"column":17},"end":{"line":123,"column":37}},{"start":{"line":123,"column":41},"end":{"line":123,"column":58}}]}},"s":{"0":1,"1":1,"2":3,"3":3,"4":0,"5":0,"6":1,"7":1,"8":1,"9":1,"10":0,"11":3,"12":3,"13":3,"14":0,"15":0,"16":0,"17":0,"18":0,"19":0,"20":3,"21":3,"22":3,"23":0,"24":0,"25":0,"26":0,"27":0,"28":0,"29":3,"30":3,"31":3,"32":3,"33":3,"34":3,"35":3,"36":3,"37":3,"38":3,"39":3,"40":3,"41":3,"42":3,"43":3,"44":1},"f":{"0":3,"1":0,"2":0,"3":1,"4":0,"5":3,"6":3,"7":3,"8":3,"9":3,"10":3,"11":3,"12":3},"b":{"0":[1],"1":[1,1],"2":[0,1],"3":[1,1],"4":[3],"5":[0,0],"6":[0,0],"7":[0,0],"8":[0,0],"9":[3],"10":[0,0],"11":[0,0],"12":[0,0],"13":[0,0],"14":[3,0],"15":[3,0],"16":[0,3]}}
,"E:\\projects-new\\verdocs\\verdocs-web-sdk\\verdocs-web-sdk\\src\\components\\controls\\verdocs-progress-bar\\verdocs-progress-bar.tsx": {"path":"E:\\projects-new\\verdocs\\verdocs-web-sdk\\verdocs-web-sdk\\src\\components\\controls\\verdocs-progress-bar\\verdocs-progress-bar.tsx","statementMap":{"0":{"start":{"line":1,"column":0},"end":{"line":1,"column":55}},"1":{"start":{"line":19,"column":10},"end":{"line":19,"column":29}},"2":{"start":{"line":24,"column":10},"end":{"line":24,"column":39}},"3":{"start":{"line":29,"column":10},"end":{"line":29,"column":30}},"4":{"start":{"line":32,"column":25},"end":{"line":32,"column":77}},"5":{"start":{"line":33,"column":4},"end":{"line":33,"column":131}},"6":{"start":{"line":35,"column":4},"end":{"line":46,"column":6}},"7":{"start":{"line":10,"column":0},"end":{"line":10,"column":null}}},"fnMap":{"0":{"name":"(anonymous_0)","decl":{"start":{"line":10,"column":0},"end":{"line":10,"column":null}},"loc":{"start":{"line":10,"column":0},"end":{"line":48,"column":null}}},"1":{"name":"(anonymous_1)","decl":{"start":{"line":31,"column":2},"end":{"line":31,"column":8}},"loc":{"start":{"line":31,"column":8},"end":{"line":47,"column":3}}}},"branchMap":{"0":{"loc":{"start":{"line":38,"column":11},"end":{"line":38,"column":62}},"type":"binary-expr","locations":[{"start":{"line":38,"column":11},"end":{"line":38,"column":21}},{"start":{"line":38,"column":25},"end":{"line":38,"column":62}}]},"1":{"loc":{"start":{"line":39,"column":11},"end":{"line":39,"column":null}},"type":"binary-expr","locations":[{"start":{"line":39,"column":11},"end":{"line":39,"column":27}},{"start":{"line":39,"column":31},"end":{"line":39,"column":null}}]}},"s":{"0":1,"1":3,"2":3,"3":3,"4":3,"5":3,"6":3,"7":1},"f":{"0":3,"1":3},"b":{"0":[3,2],"1":[3,1]}}
,"E:\\projects-new\\verdocs\\verdocs-web-sdk\\verdocs-web-sdk\\src\\components\\controls\\verdocs-quick-filter\\verdocs-quick-filter.tsx": {"path":"E:\\projects-new\\verdocs\\verdocs-web-sdk\\verdocs-web-sdk\\src\\components\\controls\\verdocs-quick-filter\\verdocs-quick-filter.tsx","statementMap":{"0":{"start":{"line":1,"column":0},"end":{"line":1,"column":35}},"1":{"start":{"line":2,"column":0},"end":{"line":2,"column":54}},"2":{"start":{"line":3,"column":0},"end":{"line":3,"column":86}},"3":{"start":{"line":4,"column":0},"end":{"line":4,"column":55}},"4":{"start":{"line":6,"column":22},"end":{"line":6,"column":429}},"5":{"start":{"line":36,"column":10},"end":{"line":36,"column":40}},"6":{"start":{"line":39,"column":2},"end":{"line":39,"column":27}},"7":{"start":{"line":42,"column":2},"end":{"line":42,"column":21}},"8":{"start":{"line":45,"column":2},"end":{"line":45,"column":36}},"9":{"start":{"line":56,"column":2},"end":{"line":56,"column":46}},"10":{"start":{"line":58,"column":4},"end":{"line":58,"column":160}},"11":{"start":{"line":60,"column":4},"end":{"line":60,"column":111}},"12":{"start":{"line":64,"column":4},"end":{"line":64,"column":37}},"13":{"start":{"line":68,"column":20},"end":{"line":68,"column":72}},"14":{"start":{"line":69,"column":4},"end":{"line":71,"column":5}},"15":{"start":{"line":70,"column":6},"end":{"line":70,"column":18}},"16":{"start":{"line":75,"column":4},"end":{"line":75,"column":24}},"17":{"start":{"line":76,"column":4},"end":{"line":76,"column":37}},"18":{"start":{"line":77,"column":4},"end":{"line":77,"column":30}},"19":{"start":{"line":78,"column":4},"end":{"line":78,"column":16}},"20":{"start":{"line":84,"column":4},"end":{"line":84,"column":21}},"21":{"start":{"line":85,"column":4},"end":{"line":85,"column":52}},"22":{"start":{"line":86,"column":4},"end":{"line":86,"column":53}},"23":{"start":{"line":88,"column":4},"end":{"line":93,"column":23}},"24":{"start":{"line":89,"column":30},"end":{"line":91,"column":null}},"25":{"start":{"line":95,"column":4},"end":{"line":95,"column":42}},"26":{"start":{"line":99,"column":4},"end":{"line":102,"column":5}},"27":{"start":{"line":101,"column":6},"end":{"line":101,"column":13}},"28":{"start":{"line":104,"column":4},"end":{"line":104,"column":16}},"29":{"start":{"line":108,"column":4},"end":{"line":108,"column":24}},"30":{"start":{"line":110,"column":4},"end":{"line":114,"column":5}},"31":{"start":{"line":111,"column":6},"end":{"line":111,"column":18}},"32":{"start":{"line":113,"column":6},"end":{"line":113,"column":26}},"33":{"start":{"line":118,"column":4},"end":{"line":118,"column":22}},"34":{"start":{"line":119,"column":4},"end":{"line":119,"column":51}},"35":{"start":{"line":120,"column":4},"end":{"line":120,"column":58}},"36":{"start":{"line":121,"column":4},"end":{"line":126,"column":23}},"37":{"start":{"line":122,"column":30},"end":{"line":124,"column":null}},"38":{"start":{"line":130,"column":27},"end":{"line":130,"column":84}},"39":{"start":{"line":130,"column":56},"end":{"line":130,"column":83}},"40":{"start":{"line":131,"column":26},"end":{"line":131,"column":117}},"41":{"start":{"line":131,"column":64},"end":{"line":131,"column":115}},"42":{"start":{"line":132,"column":30},"end":{"line":132,"column":115}},"43":{"start":{"line":133,"column":24},"end":{"line":133,"column":87}},"44":{"start":{"line":134,"column":21},"end":{"line":134,"column":64}},"45":{"start":{"line":136,"column":4},"end":{"line":163,"column":6}},"46":{"start":{"line":138,"column":43},"end":{"line":138,"column":65}},"47":{"start":{"line":138,"column":80},"end":{"line":138,"column":106}},"48":{"start":{"line":139,"column":41},"end":{"line":139,"column":80}},"49":{"start":{"line":151,"column":64},"end":{"line":151,"column":104}},"50":{"start":{"line":153,"column":12},"end":{"line":158,"column":null}},"51":{"start":{"line":154,"column":36},"end":{"line":154,"column":70}},"52":{"start":{"line":21,"column":0},"end":{"line":21,"column":null}}},"fnMap":{"0":{"name":"(anonymous_0)","decl":{"start":{"line":21,"column":0},"end":{"line":21,"column":null}},"loc":{"start":{"line":21,"column":0},"end":{"line":165,"column":null}}},"1":{"name":"(anonymous_1)","decl":{"start":{"line":57,"column":2},"end":{"line":57,"column":18}},"loc":{"start":{"line":57,"column":18},"end":{"line":61,"column":3}}},"2":{"name":"(anonymous_2)","decl":{"start":{"line":63,"column":2},"end":{"line":63,"column":22}},"loc":{"start":{"line":63,"column":22},"end":{"line":65,"column":3}}},"3":{"name":"(anonymous_3)","decl":{"start":{"line":67,"column":2},"end":{"line":67,"column":15}},"loc":{"start":{"line":67,"column":22},"end":{"line":72,"column":3}}},"4":{"name":"(anonymous_4)","decl":{"start":{"line":74,"column":2},"end":{"line":74,"column":20}},"loc":{"start":{"line":74,"column":50},"end":{"line":79,"column":3}}},"5":{"name":"(anonymous_5)","decl":{"start":{"line":83,"column":2},"end":{"line":83,"column":14}},"loc":{"start":{"line":83,"column":14},"end":{"line":96,"column":3}}},"6":{"name":"(anonymous_6)","decl":{"start":{"line":89,"column":19},"end":{"line":89,"column":26}},"loc":{"start":{"line":89,"column":30},"end":{"line":91,"column":null}}},"7":{"name":"(anonymous_7)","decl":{"start":{"line":93,"column":13},"end":{"line":93,"column":16}},"loc":{"start":{"line":93,"column":18},"end":{"line":93,"column":21}}},"8":{"name":"(anonymous_8)","decl":{"start":{"line":95,"column":32},"end":{"line":95,"column":35}},"loc":{"start":{"line":95,"column":37},"end":{"line":95,"column":40}}},"9":{"name":"(anonymous_9)","decl":{"start":{"line":98,"column":2},"end":{"line":98,"column":20}},"loc":{"start":{"line":98,"column":27},"end":{"line":105,"column":3}}},"10":{"name":"(anonymous_10)","decl":{"start":{"line":107,"column":2},"end":{"line":107,"column":16}},"loc":{"start":{"line":107,"column":23},"end":{"line":115,"column":3}}},"11":{"name":"(anonymous_11)","decl":{"start":{"line":117,"column":2},"end":{"line":117,"column":6}},"loc":{"start":{"line":117,"column":6},"end":{"line":127,"column":3}}},"12":{"name":"(anonymous_12)","decl":{"start":{"line":122,"column":19},"end":{"line":122,"column":26}},"loc":{"start":{"line":122,"column":30},"end":{"line":124,"column":null}}},"13":{"name":"(anonymous_13)","decl":{"start":{"line":126,"column":13},"end":{"line":126,"column":16}},"loc":{"start":{"line":126,"column":18},"end":{"line":126,"column":21}}},"14":{"name":"(anonymous_14)","decl":{"start":{"line":129,"column":2},"end":{"line":129,"column":8}},"loc":{"start":{"line":129,"column":8},"end":{"line":164,"column":3}}},"15":{"name":"(anonymous_15)","decl":{"start":{"line":130,"column":46},"end":{"line":130,"column":52}},"loc":{"start":{"line":130,"column":56},"end":{"line":130,"column":83}}},"16":{"name":"(anonymous_16)","decl":{"start":{"line":131,"column":47},"end":{"line":131,"column":48}},"loc":{"start":{"line":131,"column":64},"end":{"line":131,"column":115}}},"17":{"name":"(anonymous_17)","decl":{"start":{"line":138,"column":38},"end":{"line":138,"column":39}},"loc":{"start":{"line":138,"column":43},"end":{"line":138,"column":65}}},"18":{"name":"(anonymous_18)","decl":{"start":{"line":138,"column":75},"end":{"line":138,"column":76}},"loc":{"start":{"line":138,"column":80},"end":{"line":138,"column":106}}},"19":{"name":"(anonymous_19)","decl":{"start":{"line":139,"column":34},"end":{"line":139,"column":36}},"loc":{"start":{"line":139,"column":41},"end":{"line":139,"column":80}}},"20":{"name":"(anonymous_20)","decl":{"start":{"line":151,"column":57},"end":{"line":151,"column":59}},"loc":{"start":{"line":151,"column":64},"end":{"line":151,"column":104}}},"21":{"name":"(anonymous_21)","decl":{"start":{"line":152,"column":29},"end":{"line":152,"column":35}},"loc":{"start":{"line":153,"column":12},"end":{"line":158,"column":null}}},"22":{"name":"(anonymous_22)","decl":{"start":{"line":154,"column":31},"end":{"line":15
[...]
{"line":318,"column":20}},"183":{"start":{"line":319,"column":2},"end":{"line":322,"column":4}},"184":{"start":{"line":320,"column":4},"end":{"line":320,"column":24}},"185":{"start":{"line":321,"column":4},"end":{"line":321,"column":57}},"186":{"start":{"line":321,"column":29},"end":{"line":321,"column":48}},"187":{"start":{"line":317,"column":13},"end":{"line":317,"column":24}},"188":{"start":{"line":328,"column":33},"end":{"line":333,"column":1}},"189":{"start":{"line":329,"column":17},"end":{"line":329,"column":49}},"190":{"start":{"line":330,"column":14},"end":{"line":330,"column":37}},"191":{"start":{"line":331,"column":2},"end":{"line":331,"column":18}},"192":{"start":{"line":332,"column":2},"end":{"line":332,"column":37}},"193":{"start":{"line":328,"column":13},"end":{"line":328,"column":33}},"194":{"start":{"line":341,"column":29},"end":{"line":358,"column":1}},"195":{"start":{"line":342,"column":13},"end":{"line":342,"column":33}},"196":{"start":{"line":344,"column":2},"end":{"line":346,"column":3}},"197":{"start":{"line":345,"column":4},"end":{"line":345,"column":16}},"198":{"start":{"line":349,"column":2},"end":{"line":349,"column":37}},"199":{"start":{"line":353,"column":2},"end":{"line":353,"column":33}},"200":{"start":{"line":357,"column":2},"end":{"line":357,"column":21}},"201":{"start":{"line":341,"column":13},"end":{"line":341,"column":29}}},"fnMap":{"0":{"name":"(anonymous_8)","decl":{"start":{"line":6,"column":28},"end":{"line":6,"column":29}},"loc":{"start":{"line":6,"column":49},"end":{"line":33,"column":1}}},"1":{"name":"(anonymous_9)","decl":{"start":{"line":35,"column":29},"end":{"line":35,"column":30}},"loc":{"start":{"line":35,"column":50},"end":{"line":61,"column":1}}},"2":{"name":"(anonymous_10)","decl":{"start":{"line":63,"column":32},"end":{"line":63,"column":33}},"loc":{"start":{"line":63,"column":124},"end":{"line":72,"column":1}}},"3":{"name":"(anonymous_11)","decl":{"start":{"line":74,"column":32},"end":{"line":74,"column":33}},"loc":{"start":{"line":74,"column":107},"end":{"line":86,"column":1}}},"4":{"name":"(anonymous_12)","decl":{"start":{"line":88,"column":26},"end":{"line":88,"column":27}},"loc":{"start":{"line":88,"column":69},"end":{"line":90,"column":1}}},"5":{"name":"(anonymous_13)","decl":{"start":{"line":99,"column":40},"end":{"line":99,"column":41}},"loc":{"start":{"line":99,"column":83},"end":{"line":109,"column":1}}},"6":{"name":"(anonymous_14)","decl":{"start":{"line":111,"column":35},"end":{"line":111,"column":null}},"loc":{"start":{"line":117,"column":4},"end":{"line":243,"column":1}}},"7":{"name":"(anonymous_15)","decl":{"start":{"line":254,"column":34},"end":{"line":254,"column":35}},"loc":{"start":{"line":254,"column":82},"end":{"line":263,"column":1}}},"8":{"name":"(anonymous_16)","decl":{"start":{"line":265,"column":34},"end":{"line":265,"column":35}},"loc":{"start":{"line":265,"column":54},"end":{"line":270,"column":1}}},"9":{"name":"(anonymous_17)","decl":{"start":{"line":272,"column":30},"end":{"line":272,"column":35}},"loc":{"start":{"line":272,"column":107},"end":{"line":278,"column":1}}},"10":{"name":"(anonymous_18)","decl":{"start":{"line":280,"column":34},"end":{"line":280,"column":39}},"loc":{"start":{"line":280,"column":94},"end":{"line":312,"column":1}}},"11":{"name":"(anonymous_19)","decl":{"start":{"line":296,"column":51},"end":{"line":296,"column":56}},"loc":{"start":{"line":296,"column":60},"end":{"line":296,"column":113}}},"12":{"name":"(anonymous_20)","decl":{"start":{"line":317,"column":24},"end":{"line":317,"column":25}},"loc":{"start":{"line":317,"column":55},"end":{"line":323,"column":1}}},"13":{"name":"(anonymous_21)","decl":{"start":{"line":319,"column":9},"end":{"line":319,"column":19}},"loc":{"start":{"line":319,"column":26},"end":{"line":322,"column":3}}},"14":{"name":"(anonymous_22)","decl":{"start":{"line":321,"column":23},"end":{"line":321,"column":26}},"loc":{"start":{"line":321,"column":29},"end":{"line":321,"column":48}}},"15":{"name":"(anonymous_23)","decl":{"start":{"line":328,"column":33},"end":{"line":328,"column":34}},"loc":{"start":{"line":328,"column":79},"end":{"line":333,"column":1}}},"16":{"name":"(anonymous_24)","decl":{"start":{"line":341,"column":29},"end":{"line":341,"column":30}},"loc":{"start":{"line":341,"column":47},"end":{"line":358,"column":1}}}},"branchMap":{"0":{"loc":{"start":{"line":8,"column":2},"end":{"line":30,"column":3}},"type":"switch","locations":[{"start":{"line":9,"column":4},"end":{"line":10,"column":17}},{"start":{"line":11,"column":4},"end":{"line":12,"column":17}},{"start":{"line":13,"column":4},"end":{"line":14,"column":17}},{"start":{"line":15,"column":4},"end":{"line":16,"column":16}},{"start":{"line":17,"column":4},"end":{"line":18,"column":16}},{"start":{"line":19,"column":4},"end":{"line":19,"column":22}},{"start":{"line":20,"column":4},"end":{"line":21,"column":16}},{"start":{"line":22,"column":4},"end":{"line":22,"column":17}},{"start":{"line":23,"column":4},"end":{"line":24,"column":16}},{"start":{"line":25,"column":4},"end":{"line":25,"column":21}},{"start":{"line":26,"column":4},"end":{"line":28,"column":16}}]},"1":{"loc":{"start":{"line":36,"column":2},"end":{"line":58,"column":3}},"type":"switch","locations":[{"start":{"line":37,"column":4},"end":{"line":38,"column":16}},{"start":{"line":39,"column":4},"end":{"line":40,"column":16}},{"start":{"line":41,"column":4},"end":{"line":42,"column":16}},{"start":{"line":43,"column":4},"end":{"line":44,"column":16}},{"start":{"line":45,"column":4},"end":{"line":46,"column":16}},{"start":{"line":47,"column":4},"end":{"line":47,"column":22}},{"start":{"line":48,"column":4},"end":{"line":49,"column":16}},{"start":{"line":50,"column":4},"end":{"line":50,"column":17}},{"start":{"line":51,"column":4},"end":{"line":52,"column":16}},{"start":{"line":53,"column":4},"end":{"line":53,"column":21}},{"start":{"line":54,"column":4},"end":{"line":56,"column":16}}]},"2":{"loc":{"start":{"line":64,"column":7},"end":{"line":64,"column":12}},"type":"default-arg","locations":[{"start":{"line":64,"column":11},"end":{"line":64,"column":12}}]},"3":{"loc":{"start":{"line":64,"column":14},"end":{"line":64,"column":19}},"type":"default-arg","locations":[{"start":{"line":64,"column":18},"end":{"line":64,"column":19}}]},"4":{"loc":{"start":{"line":64,"column":21},"end":{"line":64,"column":53}},"type":"default-arg","locations":[{"start":{"line":64,"column":29},"end":{"line":64,"column":53}}]},"5":{"loc":{"start":{"line":64,"column":55},"end":{"line":64,"column":89}},"type":"default-arg","locations":[{"start":{"line":64,"column":64},"end":{"line":64,"column":89}}]},"6":{"loc":{"start":{"line":75,"column":7},"end":{"line":75,"column":12}},"type":"default-arg","locations":[{"start":{"line":75,"column":11},"end":{"line":75,"column":12}}]},"7":{"loc":{"start":{"line":75,"column":14},"end":{"line":75,"column":19}},"type":"default-arg","locations":[{"start":{"line":75,"column":18},"end":{"line":75,"column":19}}]},"8":{"loc":{"start":{"line":75,"column":21},"end":{"line":75,"column":53}},"type":"default-arg","locations":[{"start":{"line":75,"column":29},"end":{"line":75,"column":53}}]},"9":{"loc":{"start":{"line":75,"column":55},"end":{"line":75,"column":89}},"type":"default-arg","locations":[{"start":{"line":75,"column":64},"end":{"line":75,"column":89}}]},"10":{"loc":{"start":{"line":102,"column":2},"end":{"line":108,"column":3}},"type":"if","locations":[{"start":{"line":102,"column":2},"end":{"line":108,"column":3}}]},"11":{"loc":{"start":{"line":116,"column":2},"end":{"line":116,"column":22}},"type":"default-arg","locations":[{"start":{"line":116,"column":21},"end":{"line":116,"column":22}}]},"12":{"loc":{"start":{"line":118,"column":9},"end":{"line":118,"column":25}},"type":"default-arg","locations":[{"start":{"line":118,"column":20},"end":{"line":118,"column":25}}]},"13":{"loc":{"start":{"line":118,"column":27},"end":{"line":118,"column":43}},"type":"default-arg","locations":[{"start":{"line":118,"column":38},"end":{"line":118,"column":43}}]},"14":{"loc":{"start":{"line":118,"column":45},"end":{"line":118,"column":62}},"type":"default-arg","locations":[{"start":{"line":118,"column":57},"end":{"line":118,"column":62}}]},"15":{"loc":{"start":{"line":118,"column":64},"end":{"line":118,"column":76}},"type":"default-arg","locations":[{"start":{"line":118,"column":71},"end":{"line":118,"column":76}}]},"16":{"loc":{"start":{"line":120,"column":2},"end":{"line":123,"column":3}},"type":"if","locations":[{"start":{"line":120,"column":2},"end":{"line":123,"column":3}}]},"17":{"loc":{"start":{"line":127,"column":2},"end":{"line":242,"column":3}},"type":"switch","locations":[{"start":{"line":128,"column":4},"end":{"line":128,"column":22}},{"start":{"line":129,"column":4},"end":{"line":129,"column":16}},{"start":{"line":130,"column":4},"end":{"line":130,"column":20}},{"start":{"line":131,"column":4},"end":{"line":131,"column":19}},{"start":{"line":132,"column":4},"end":{"line":132,"column":19}},{"start":{"line":133,"column":4},"end":{"line":133,"column":21}},{"start":{"line":134,"column":4},"end":{"line":134,"column":21}},{"start":{"line":135,"column":4},"end":{"line":135,"column":20}},{"start":{"line":136,"column":4},"end":{"line":173,"column":5}},{"start":{"line":175,"column":4},"end":{"line":205,"column":5}},{"start":{"line":207,"column":4},"end":{"line":237,"column":5}},{"start":{"line":239,"column":4},"end":{"line":241,"column":18}}]},"18":{"loc":{"start":{"line":139,"column":6},"end":{"line":142,"column":7}},"type":"if","locations":[{"start":{"line":139,"column":6},"end":{"line":142,"column":7}}]},"19":{"loc":{"start":{"line":145,"column":6},"end":{"line":149,"column":7}},"type":"if","locations":[{"start":{"line":145,"column":6},"end":{"line":149,"column":7}}]},"20":{"loc":{"start":{"line":146,"column":8},"end":{"line":148,"column":9}},"type":"if","locations":[{"start":{"line":146,"column":8},"end":{"line":148,"column":9}}]},"21":{"loc":{"start":{"line":146,"column":12},"end":{"line":146,"column":75}},"type":"binary-expr","locations":[{"start":{"line":146,"column":12},"end":{"line":146,"column":41}},{"start":{"line":146,"column":45},"end":{"line":146,"column":75}}]},"22":{"loc":{"start":{"line":146,"column":12},"end":{"line":146,"column":37}},"type":"cond-expr","locations":[{"start":{"line":146,"column":28},"end":{"line":146,"column":30}},{"start":{"line":146,"column":28},"end":{"line":146,"column":37}}]},"23":{"loc":{"start":{"line":146,"column":12},"end":{"line":146,"column":30}},"type":"binary-expr","locations":[{"start":{"line":146,"column":12},"end":{"line":146,"column":30}},{"start":{"line":146,"column":28},"end":{"line":146,"column":30}}]},"24":{"loc":{"start":{"line":146,"column":45},"end":{"line":146,"column":71}},"type":"cond-expr","locations":[{"start":{"line":146,"column":62},"end":{"line":146,"column":64}},{"start":{"line":146,"column":62},"end":{"line":146,"column":71}}]},"25":{"loc":{"start":{"line":146,"column":45},"end":{"line":146,"column":64}},"type":"binary-expr","locations":[{"start":{"line":146,"column":45},"end":{"line":146,"column":64}},{"start":{"line":146,"column":62},"end":{"line":146,"column":64}}]},"26":{"loc":{"start":{"line":156,"column":34},"end":{"line":156,"column":96}},"type":"cond-expr","locations":[{"start":{"line":156,"column":59},"end":{"line":156,"column":76}},{"start":{"line":156,"column":79},"end":{"line":156,"column":96}}]},"27":{"loc":{"start":{"line":158,"column":6},"end":{"line":163,"column":7}},"type":"if","locations":[{"start":{"line":158,"column":6},"end":{"line":163,"column":7}},{"start":{"line":161,"column":13},"end":{"line":163,"column":7}}]},"28":{"loc":{"start":{"line":178,"column":6},"end":{"line":181,"column":7}},"type":"if","locations":[{"start":{"line":178,"column":6},"end":{"line":181,"column":7}}]},"29":{"loc":{"start":{"line":188,"column":36},"end":{"line":188,"column":98}},"type":"cond-expr","locations":[{"start":{"line":188,"column":61},"end":{"line":188,"column":78}},{"start":{"line":188,"column":81},"end":{"line":188,"column":98}}]},"30":{"loc":{"start":{"line":189,"column":6},"end":{"line":191,"column":7}},"type":"if","locations":[{"start":{"line":189,"column":6},"end":{"line":191,"column":7}}]},"31":{"loc":{"start":{"line":192,"column":6},"end":{"line":194,"column":7}},"type":"if","locations":[{"start":{"line":192,"column":6},"end":{"line":194,"column":7}}]},"32":{"loc":{"start":{"line":195,"column":6},"end":{"line":197,"column":7}},"type":"if","locations":[{"start":{"line":195,"column":6},"end":{"line":197,"column":7}}]},"33":{"loc":{"start":{"line":198,"column":6},"end":{"line":200,"column":7}},"type":"if","locations":[{"start":{"line":198,"column":6},"end":{"line":200,"column":7}}]},"34":{"loc":{"start":{"line":210,"column":6},"end":{"line":213,"column":7}},"type":"if","locations":[{"start":{"line":210,"column":6},"end":{"line":213,"column":7}}]},"35":{"loc":{"start":{"line":220,"column":39},"end":{"line":220,"column":101}},"type":"cond-expr","locations":[{"start":{"line":220,"column":64},"end":{"line":220,"column":81}},{"start":{"line":220,"column":84},"end":{"line":220,"column":101}}]},"36":{"loc":{"start":{"line":221,"column":6},"end":{"line":223,"column":7}},"type":"if","locations":[{"start":{"line":221,"column":6},"end":{"line":223,"column":7}}]},"37":{"loc":{"start":{"line":224,"column":6},"end":{"line":226,"column":7}},"type":"if","locations":[{"start":{"line":224,"column":6},"end":{"line":226,"column":7}}]},"38":{"loc":{"start":{"line":227,"column":6},"end":{"line":229,"column":7}},"type":"if","locations":[{"start":{"line":227,"column":6},"end":{"line":229,"column":7}}]},"39":{"loc":{"start":{"line":230,"column":6},"end":{"line":232,"column":7}},"type":"if","locations":[{"start":{"line":230,"column":6},"end":{"line":232,"column":7}}]},"40":{"loc":{"start":{"line":255,"column":27},"end":{"line":255,"column":51}},"type":"binary-expr","locations":[{"start":{"line":255,"column":27},"end":{"line":255,"column":45}},{"start":{"line":255,"column":49},"end":{"line":255,"column":51}}]},"41":{"loc":{"start":{"line":258,"column":2},"end":{"line":262,"column":3}},"type":"if","locations":[{"start":{"line":258,"column":2},"end":{"line":262,"column":3}},{"start":{"line":260,"column":9},"end":{"line":262,"column":3}}]},"42":{"loc":{"start":{"line":285,"column":22},"end":{"line":285,"column":109}},"type":"cond-expr","locations":[{"start":{"line":285,"column":45},"end":{"line":285,"column":102}},{"start":{"line":285,"column":105},"end":{"line":285,"column":109}}]},"43":{"loc":{"start":{"line":287,"column":31},"end":{"line":287,"column":164}},"type":"cond-expr","locations":[{"start":{"line":287,"column":65},"end":{"line":287,"column":99}},{"start":{"line":287,"column":102},"end":{"line":287,"column":164}}]},"44":{"loc":{"start":{"line":290,"column":6},"end":{"line":294,"column":7}},"type":"if","locations":[{"start":{"line":290,"column":6},"end":{"line":294,"column":7}},{"start":{"line":292,"column":13},"end":{"line":294,"column":7}}]},"45":{"loc":{"start":{"line":296,"column":27},"end":{"line":296,"column":120}},"type":"binary-expr","locations":[{"start":{"line":296,"column":27},"end":{"line":296,"column":114}},{"start":{"line":296,"column":118},"end":{"line":296,"column":120}}]},"46":{"loc":{"start":{"line":296,"column":27},"end":{"line":296,"column":114}},"type":"cond-expr","locations":[{"start":{"line":296,"column":42},"end":{"line":296,"column":44}},{"start":{"line":296,"column":42},"end":{"line":296,"column":114}}]},"47":{"loc":{"start":{"line":296,"column":27},"end":{"line":296,"column":44}},"type":"binary-expr","locations":[{"start":{"line":296,"column":27},"end":{"line":296,"column":44}},{"start":{"line":296,"column":42},"end":{"line":296,"column":44}}]},"48":{"loc":{"start":{"line":296,"column":60},"end":{"line":296,"column":113}},"type":"binary-expr","locations":[{"start":{"line":296,"column":60},"end":{"line":296,"column":87}},{"start":{"line":296,"column":91},"end":{"line":296,"column":113}}]},"49":{"loc":{"start":{"line":297,"column":6},"end":{"line":303,"column":7}},"type":"if","locations":[{"start":{"line":297,"column":6},"end":{"line":303,"column":7}}]},"50":{"loc":{"start":{"line":298,"column":34},"end":{"line":298,"column":105}},"type":"cond-expr","locations":[{"start":{"line":298,"column":46},"end":{"line":298,"column":77}},{"start":{"line":298,"column":80},"end":{"line":298,"column":105}}]},"51":{"loc":{"start":{"line":308,"column":31},"end":{"line":308,"column":102}},"type":"cond-expr","locations":[{"start":{"line":308,"column":56},"end":{"line":308,"column":89}},{"start":{"line":308,"column":92},"end":{"line":308,"column":102}}]},"52":{"loc":{"start":{"line":309,"column":22},"end":{"line":309,"column":131}},"type":"cond-expr","locations":[{"start":{"line":309,"column":47},"end":{"line":309,"column":92}},{"start":{"line":309,"column":95},"end":{"line":309,"column":131}}]},"53":{"loc":{"start":{"line":328,"column":48},"end":{"line":328,"column":75}},"type":"default-arg","locations":[{"start":{"line":328,"column":63},"end":{"line":328,"column":75}}]},"54":{"loc":{"start":{"line":342,"column":14},"end":{"line":342,"column":25}},"type":"binary-expr","locations":[{"start":{"line":342,"column":14},"end":{"line":342,"column":19}},{"start":{"line":342,"column":23},"end":{"line":342,"column":25}}]},"55":{"loc":{"start":{"line":344,"column":2},"end":{"line":346,"column":3}},"type":"if","locations":[{"start":{"line":344,"column":2},"end":{"line":346,"column":3}}]},"56":{"loc":{"start":{"line":344,"column":6},"end":{"line":344,"column":35}},"type":"binary-expr","locations":[{"start":{"line":344,"column":6},"end":{"line":344,"column":11}},{"start":{"line":344,"column":15},"end":{"line":344,"column":35}}]}},"s":{"0":2,"1":2,"2":2,"3":2,"4":2,"5":0,"6":0,"7":0,"8":0,"9":0,"10":0,"11":0,"12":0,"13":0,"14":0,"15":2,"16":2,"17":0,"18":0,"19":0,"20":0,"21":0,"22":0,"23":0,"24":0,"25":0,"26":0,"27":2,"28":2,"29":0,"30":0,"31":0,"32":0,"33":0,"34":0,"35":0,"36":2,"37":2,"38":0,"39":0,"40":2,"41":2,"42":0,"43":2,"44":2,"45":0,"46":0,"47":0,"48":0,"49":0,"50":0,"51":0,"52":0,"53":2,"54":2,"55":0,"56":0,"57":0,"58":0,"59":0,"60":0,"61":0,"62":0,"63":0,"64":0,"65":0,"66":0,"67":0,"68":0,"69":0,"70":0,"71":0,"72":0,"73":0,"74":0,"75":0,"76":0,"77":0,"78":0,"79":0,"80":0,"81":0,"82":0,"83":0,"84":0,"85":0,"86":0,"87":0,"88":0,"89":0,"90":0,"91":0,"92":0,"93":0,"94":0,"95":0,"96":0,"97":0,"98":0,"99":0,"100":0,"101":0,"102":0,"103":0,"104":0,"105":0,"106":0,"107":0,"108":0,"109":0,"110":0,"111":0,"112":0,"113":0,"114":0,"115":0,"116":0,"117":0,"118":0,"119":0,"120":0,"121":0,"122":0,"123":0,"124":0,"125":0,"126":0,"127":0,"128":0,"129":0,"130":0,"131":0,"132":2,"133":2,"134":0,"135":0,"136":0,"137":0,"138":0,"139":2,"140":2,"141":0,"142":2,"143":2,"144":0,"145":0,"146":0,"147":0,"148":2,"149":2,"150":0,"151":0,"152":0,"153":0,"154":0,"155":0,"156":0,"157":0,"158":0,"159":0,"160":0,"161":0,"162":0,"163":0,"164":0,"165":0,"166":0,"167":0,"168":0,"169":0,"170":0,"171":0,"172":0,"173":0,"174":0,"175":0,"176":0,"177":0,"178":0,"179":0,"180":2,"181":2,"182":0,"183":0,"184":0,"185":0,"186":0,"187":2,"188":2,"189":6,"190":6,"191":6,"192":6,"193":2,"194":2,"195":0,"196":0,"197":0,"198":0,"199":0,"200":0,"201":2},"f":{"0":0,"1":0,"2":0,"3":0,"4":0,"5":0,"6":0,"7":0,"8":0,"9":0,"10":0,"11":0,"12":0,"13":0,"14":0,"15":6,"16":0},"b":{"0":[0,0,0,0,0,0,0,0,0,0,0],"1":[0,0,0,0,0,0,0,0,0,0,0],"2":[0],"3":[0],"4":[0],"5":[0],"6":[0],"7":[0],"8":[0],"9":[0],"10":[0],"11":[0],"12":[0],"13":[0],"14":[0],"15":[0],"16":[0],"17":[0,0,0,0,0,0,0,0,0,0,0,0],"18":[0],"19":[0],"20":[0],"21":[0,0],"22":[0,0],"23":[0,0],"24":[0,0],"25":[0,0],"26":[0,0],"27":[0,0],"28":[0],"29":[0,0],"30":[0],"31":[0],"32":[0],"33":[0],"34":[0],"35":[0,0],"36":[0],"37":[0],"38":[0],"39":[0],"40":[0,0],"41":[0,0],"42":[0,0],"43":[0,0],"44":[0,0],"45":[0,0],"46":[0,0],"47":[0,0],"48":[0,0],"49":[0],"50":[0,0],"51":[0,0],"52":[0,0],"53":[0],"54":[0,0],"55":[0],"56":[0,0]}}
}
