TN:
SF:src\components\controls\verdocs-button\verdocs-button.tsx
FN:10,(anonymous_0)
FN:50,(anonymous_1)
FNF:2
FNH:2
FNDA:5,(anonymous_0)
FNDA:5,(anonymous_1)
DA:1,1
DA:10,1
DA:23,5
DA:28,5
DA:33,5
DA:38,5
DA:43,5
DA:48,5
DA:51,5
LF:9
LH:9
BRDA:53,0,0,0
BRDA:53,0,1,5
BRDA:55,1,0,0
BRDA:55,1,1,5
BRF:4
BRH:2
end_of_record
TN:
SF:src\components\controls\verdocs-button-panel\verdocs-button-panel.tsx
FN:20,(anonymous_0)
FN:36,(anonymous_1)
FN:48,(anonymous_2)
FN:63,(anonymous_3)
FN:65,(anonymous_4)
FN:76,(anonymous_5)
FN:84,(anonymous_6)
FN:85,(anonymous_7)
FN:93,(anonymous_8)
FN:101,(anonymous_9)
FN:107,(anonymous_10)
FN:111,(anonymous_11)
FN:113,(anonymous_12)
FNF:13
FNH:5
FNDA:4,(anonymous_0)
FNDA:4,(anonymous_1)
FNDA:0,(anonymous_2)
FNDA:0,(anonymous_3)
FNDA:0,(anonymous_4)
FNDA:0,(anonymous_5)
FNDA:0,(anonymous_6)
FNDA:0,(anonymous_7)
FNDA:0,(anonymous_8)
FNDA:4,(anonymous_9)
FNDA:0,(anonymous_10)
FNDA:4,(anonymous_11)
FNDA:4,(anonymous_12)
DA:1,1
DA:2,1
DA:20,1
DA:34,4
DA:37,4
DA:38,4
DA:39,0
DA:42,4
DA:49,0
DA:50,0
DA:51,0
DA:54,0
DA:55,0
DA:60,4
DA:64,0
DA:65,0
DA:66,0
DA:68,0
DA:69,0
DA:70,0
DA:71,0
DA:72,0
DA:73,0
DA:74,0
DA:75,0
DA:76,0
DA:77,0
DA:78,0
DA:80,0
DA:85,0
DA:86,0
DA:88,0
DA:89,0
DA:94,0
DA:95,0
DA:97,0
DA:102,4
DA:108,0
DA:109,0
DA:111,4
DA:113,4
LF:41
LH:11
BRDA:38,0,0,0
BRDA:49,1,0,0
BRDA:54,2,0,0
BRDA:64,3,0,0
BRDA:64,3,1,0
BRDA:64,4,0,0
BRDA:64,4,1,0
BRDA:65,5,0,0
BRDA:65,5,1,0
BRDA:65,6,0,0
BRDA:65,6,1,0
BRDA:88,7,0,0
BRDA:88,7,1,0
BRDA:88,8,0,0
BRDA:88,8,1,0
BRDA:94,9,0,0
BRDA:94,9,1,0
BRF:17
BRH:0
end_of_record
TN:
SF:src\components\controls\verdocs-checkbox\verdocs-checkbox.tsx
FN:20,(anonymous_0)
FN:64,(anonymous_1)
FNF:2
FNH:2
FNDA:3,(anonymous_0)
FNDA:3,(anonymous_1)
DA:1,1
DA:20,1
DA:29,3
DA:34,3
DA:40,3
DA:47,3
DA:52,3
DA:57,3
DA:62,3
DA:65,3
LF:10
LH:10
BRF:0
BRH:0
end_of_record
TN:
SF:src\components\controls\verdocs-component-error\verdocs-component-error.tsx
FN:8,(anonymous_0)
FN:19,(anonymous_1)
FNF:2
FNH:2
FNDA:2,(anonymous_0)
FNDA:2,(anonymous_1)
DA:3,1
DA:8,1
DA:17,2
DA:20,2
LF:4
LH:4
BRF:0
BRH:0
end_of_record
TN:
SF:src\components\controls\verdocs-date-input\verdocs-date-input.tsx
FN:13,(anonymous_1)
FN:59,(anonymous_2)
FN:63,(anonymous_3)
FN:68,(anonymous_4)
FN:73,(anonymous_5)
FN:74,(anonymous_6)
FN:75,(anonymous_7)
FN:82,(anonymous_8)
FN:86,(anonymous_9)
FN:87,(anonymous_10)
FN:90,(anonymous_11)
FN:112,(anonymous_12)
FN:113,(anonymous_13)
FNF:13
FNH:5
FNDA:4,(anonymous_1)
FNDA:0,(anonymous_2)
FNDA:0,(anonymous_3)
FNDA:4,(anonymous_4)
FNDA:0,(anonymous_5)
FNDA:0,(anonymous_6)
FNDA:0,(anonymous_7)
FNDA:0,(anonymous_8)
FNDA:0,(anonymous_9)
FNDA:0,(anonymous_10)
FNDA:4,(anonymous_11)
FNDA:4,(anonymous_12)
FNDA:1,(anonymous_13)
DA:1,1
DA:2,1
DA:3,1
DA:4,1
DA:13,1
DA:19,4
DA:27,4
DA:32,4
DA:37,4
DA:42,4
DA:47,4
DA:52,4
DA:54,4
DA:55,4
DA:56,4
DA:61,0
DA:62,0
DA:63,0
DA:64,0
DA:69,4
DA:73,0
DA:74,0
DA:76,0
DA:77,0
DA:83,0
DA:84,0
DA:86,0
DA:87,0
DA:91,4
DA:112,4
DA:113,1
LF:31
LH:19
BRDA:62,0,0,0
BRDA:62,0,1,0
BRDA:62,1,0,0
BRDA:62,1,1,0
BRDA:94,2,0,4
BRDA:94,2,1,1
BRDA:97,3,0,1
BRDA:97,3,1,0
BRDA:117,4,0,4
BRDA:117,4,1,0
BRF:10
BRH:4
end_of_record
TN:
SF:src\components\controls\verdocs-dropdown\verdocs-dropdown.tsx
FN:30,(anonymous_0)
FN:53,(anonymous_1)
FN:59,(anonymous_2)
FN:63,(anonymous_3)
FN:68,(anonymous_4)
FN:71,(anonymous_5)
FN:72,(anonymous_6)
FN:77,(anonymous_7)
FNF:8
FNH:3
FNDA:3,(anonymous_0)
FNDA:0,(anonymous_1)
FNDA:0,(anonymous_2)
FNDA:4,(anonymous_3)
FNDA:0,(anonymous_4)
FNDA:0,(anonymous_5)
FNDA:2,(anonymous_6)
FNDA:0,(anonymous_7)
DA:1,1
DA:2,1
DA:3,1
DA:5,1
DA:30,1
DA:41,3
DA:49,3
DA:51,3
DA:54,0
DA:55,0
DA:56,0
DA:60,0
DA:64,4
DA:66,4
DA:68,0
DA:71,0
DA:73,2
DA:74,0
DA:76,2
DA:77,0
LF:20
LH:12
BRDA:55,0,0,0
BRDA:55,0,1,0
BRDA:55,1,0,0
BRDA:55,1,1,0
BRDA:70,2,0,4
BRDA:70,2,1,1
BRDA:73,3,0,0
BRDA:73,3,1,2
BRDA:77,4,0,2
BRDA:77,4,1,2
BRF:10
BRH:5
end_of_record
TN:
SF:src\components\controls\verdocs-file-chooser\verdocs-file-chooser.tsx
FN:13,(anonymous_0)
FN:32,(anonymous_1)
FN:38,(anonymous_2)
FN:45,(anonymous_3)
FN:56,(anonymous_4)
FN:66,(anonymous_5)
FNF:6
FNH:3
FNDA:3,(anonymous_0)
FNDA:1,(anonymous_1)
FNDA:0,(anonymous_2)
FNDA:4,(anonymous_3)
FNDA:0,(anonymous_4)
FNDA:0,(anonymous_5)
DA:1,1
DA:2,1
DA:3,1
DA:13,1
DA:22,3
DA:33,1
DA:34,1
DA:35,1
DA:39,0
DA:40,0
DA:41,0
DA:42,0
DA:46,4
DA:48,4
DA:56,0
DA:66,0
LF:16
LH:10
BRDA:33,0,0,1
BRDA:33,0,1,0
BRDA:33,1,0,0
BRDA:33,1,1,1
BRDA:33,2,0,1
BRDA:33,2,1,1
BRDA:34,3,0,0
BRDA:34,3,1,1
BRDA:34,4,0,1
BRDA:34,4,1,1
BRDA:41,5,0,0
BRDA:41,5,1,0
BRDA:41,6,0,0
BRDA:41,6,1,0
BRDA:42,7,0,0
BRDA:42,7,1,0
BRDA:42,8,0,0
BRDA:42,8,1,0
BRDA:46,9,0,1
BRDA:46,9,1,3
BRDA:62,10,0,1
BRDA:62,10,1,3
BRDA:64,11,0,1
BRDA:64,11,1,3
BRF:24
BRH:13
end_of_record
TN:
SF:src\components\controls\verdocs-help-icon\verdocs-help-icon.tsx
FN:14,(anonymous_0)
FN:36,(anonymous_1)
FN:43,(anonymous_2)
FN:50,(anonymous_3)
FN:52,(anonymous_4)
FN:55,(anonymous_5)
FN:59,(anonymous_6)
FN:66,(anonymous_7)
FN:67,(anonymous_8)
FN:68,(anonymous_9)
FN:69,(anonymous_10)
FN:70,(anonymous_11)
FN:77,(anonymous_12)
FNF:13
FNH:5
FNDA:3,(anonymous_0)
FNDA:3,(anonymous_1)
FNDA:0,(anonymous_2)
FNDA:0,(anonymous_3)
FNDA:0,(anonymous_4)
FNDA:0,(anonymous_5)
FNDA:3,(anonymous_6)
FNDA:0,(anonymous_7)
FNDA:0,(anonymous_8)
FNDA:0,(anonymous_9)
FNDA:0,(anonymous_10)
FNDA:3,(anonymous_11)
FNDA:3,(anonymous_12)
DA:1,1
DA:2,1
DA:5,1
DA:14,1
DA:27,3
DA:32,3
DA:34,3
DA:37,3
DA:44,0
DA:45,0
DA:46,0
DA:51,0
DA:52,0
DA:56,0
DA:60,3
DA:66,0
DA:67,0
DA:68,0
DA:69,0
DA:70,3
DA:77,3
LF:21
LH:11
BRDA:44,0,0,0
BRDA:51,1,0,0
BRDA:51,1,1,0
BRDA:51,2,0,0
BRDA:51,2,1,0
BRDA:52,3,0,0
BRDA:52,3,1,0
BRDA:52,4,0,0
BRDA:52,4,1,0
BRDA:56,5,0,0
BRDA:56,5,1,0
BRDA:56,6,0,0
BRDA:56,6,1,0
BRF:13
BRH:0
end_of_record
TN:
SF:src\components\controls\verdocs-loader\verdocs-loader.tsx
FN:16,(anonymous_1)
FNF:1
FNH:1
FNDA:1,(anonymous_1)
DA:1,1
DA:10,1
DA:17,1
LF:3
LH:3
BRF:0
BRH:0
end_of_record
TN:
SF:src\components\controls\verdocs-menu-panel\verdocs-menu-panel.tsx
FN:14,(anonymous_0)
FN:44,(anonymous_1)
FN:51,(anonymous_2)
FN:75,(anonymous_3)
FN:79,(anonymous_4)
FN:83,(anonymous_5)
FN:88,(anonymous_6)
FN:90,(anonymous_7)
FNF:8
FNH:8
FNDA:4,(anonymous_0)
FNDA:1,(anonymous_1)
FNDA:4,(anonymous_2)
FNDA:4,(anonymous_3)
FNDA:5,(anonymous_4)
FNDA:5,(anonymous_5)
FNDA:4,(anonymous_6)
FNDA:4,(anonymous_7)
DA:1,1
DA:14,1
DA:22,4
DA:23,4
DA:24,4
DA:29,4
DA:34,4
DA:39,4
DA:45,1
DA:46,1
DA:47,1
DA:52,4
DA:54,4
DA:55,3
DA:56,3
DA:57,3
DA:60,4
DA:61,4
DA:62,4
DA:63,4
DA:64,4
DA:66,4
DA:67,1
DA:69,3
DA:72,4
DA:76,4
DA:80,5
DA:84,5
DA:85,5
DA:89,4
DA:90,4
LF:31
LH:31
BRDA:45,0,0,1
BRDA:47,1,0,0
BRDA:47,1,1,1
BRDA:47,2,0,1
BRDA:47,2,1,1
BRDA:54,3,0,3
BRDA:66,4,0,1
BRDA:66,4,1,3
BRDA:80,5,0,1
BRDA:80,5,1,4
BRDA:84,6,0,4
BRDA:84,6,1,1
BRDA:84,7,0,5
BRDA:84,7,1,1
BRDA:85,8,0,4
BRDA:85,8,1,1
BRDA:85,9,0,5
BRDA:85,9,1,1
BRF:18
BRH:17
end_of_record
TN:
SF:src\components\controls\verdocs-multiselect\verdocs-multiselect.tsx
FN:21,(anonymous_0)
FN:50,(anonymous_1)
FN:54,(anonymous_2)
FN:60,(anonymous_3)
FN:68,(anonymous_4)
FN:72,(anonymous_5)
FN:72,(anonymous_6)
FN:88,(anonymous_7)
FN:89,(anonymous_8)
FN:95,(anonymous_9)
FNF:10
FNH:5
FNDA:4,(anonymous_0)
FNDA:1,(anonymous_1)
FNDA:0,(anonymous_2)
FNDA:5,(anonymous_3)
FNDA:0,(anonymous_4)
FNDA:2,(anonymous_5)
FNDA:2,(anonymous_6)
FNDA:0,(anonymous_7)
FNDA:0,(anonymous_8)
FNDA:0,(anonymous_9)
DA:1,1
DA:2,1
DA:9,1
DA:10,1
DA:21,1
DA:29,4
DA:34,4
DA:44,4
DA:48,4
DA:51,1
DA:52,1
DA:54,0
DA:57,1
DA:61,5
DA:63,5
DA:68,0
DA:72,2
DA:89,0
DA:95,0
LF:19
LH:15
BRDA:51,0,0,1
BRDA:51,0,1,0
BRDA:57,1,0,0
BRDA:57,1,1,1
BRDA:57,2,0,1
BRDA:57,2,1,1
BRDA:64,3,0,0
BRDA:64,3,1,5
BRDA:66,4,0,4
BRDA:66,4,1,1
BRDA:69,5,0,3
BRDA:69,5,1,2
BRDA:72,6,0,2
BRDA:72,6,1,0
BRDA:72,7,0,0
BRDA:72,7,1,2
BRDA:72,8,0,2
BRDA:72,8,1,2
BRDA:76,9,0,0
BRDA:76,9,1,5
BRDA:78,10,0,5
BRDA:78,10,1,0
BRF:22
BRH:15
end_of_record
TN:
SF:src\components\controls\verdocs-organization-card\verdocs-organization-card.tsx
FN:18,(anonymous_0)
FN:32,(anonymous_1)
FN:37,(anonymous_2)
FN:41,(anonymous_3)
FNF:4
FNH:2
FNDA:3,(anonymous_0)
FNDA:0,(anonymous_1)
FNDA:0,(anonymous_2)
FNDA:3,(anonymous_3)
DA:1,1
DA:2,1
DA:9,1
DA:18,1
DA:29,3
DA:33,0
DA:38,0
DA:42,3
DA:43,3
DA:44,3
DA:46,3
LF:11
LH:9
BRDA:48,0,0,1
BRDA:48,0,1,2
BRDA:50,1,0,0
BRDA:50,1,1,3
BRDA:50,2,0,3
BRDA:50,2,1,3
BRDA:53,3,0,0
BRDA:53,3,1,3
BRDA:54,4,0,1
BRDA:54,4,1,2
BRDA:57,5,0,0
BRDA:57,5,1,1
BRDA:57,6,0,1
BRDA:57,6,1,1
BRDA:64,7,0,0
BRDA:64,7,1,2
BRDA:64,8,0,2
BRDA:64,8,1,2
BRDA:71,9,0,3
BRDA:71,9,1,0
BRDA:71,10,0,0
BRDA:71,10,1,3
BRDA:71,11,0,3
BRDA:71,11,1,3
BRDA:73,12,0,3
BRDA:73,12,1,0
BRDA:76,13,0,0
BRDA:76,13,1,0
BRDA:76,14,0,0
BRDA:76,14,1,0
BRDA:77,15,0,0
BRDA:77,15,1,0
BRDA:77,16,0,0
BRDA:77,16,1,0
BRF:34
BRH:19
end_of_record
TN:
SF:src\components\controls\verdocs-pagination\verdocs-pagination.tsx
FN:13,(anonymous_0)
FN:23,(anonymous_1)
FN:38,(anonymous_2)
FN:66,(anonymous_3)
FN:71,(anonymous_4)
FN:78,(anonymous_5)
FN:82,(anonymous_6)
FN:83,(anonymous_7)
FN:88,(anonymous_8)
FNF:9
FNH:7
FNDA:15,(anonymous_0)
FNDA:1,(anonymous_1)
FNDA:3,(anonymous_2)
FNDA:1,(anonymous_3)
FNDA:3,(anonymous_4)
FNDA:0,(anonymous_5)
FNDA:11,(anonymous_6)
FNDA:1,(anonymous_7)
FNDA:0,(anonymous_8)
DA:1,1
DA:2,1
DA:3,1
DA:5,1
DA:7,1
DA:11,1
DA:13,1
DA:15,15
DA:16,2
DA:17,13
DA:18,2
DA:20,11
DA:23,15
DA:38,1
DA:49,3
DA:54,3
DA:59,3
DA:67,1
DA:68,1
DA:72,3
DA:73,3
DA:74,3
DA:76,3
DA:78,0
DA:83,11
DA:88,0
LF:26
LH:24
BRDA:15,0,0,2
BRDA:15,0,1,13
BRDA:17,1,0,2
BRDA:17,1,1,11
BRDA:23,2,0,3
BRDA:23,2,1,12
BRDA:68,3,0,0
BRDA:68,3,1,1
BRDA:68,4,0,1
BRDA:68,4,1,1
BRDA:73,5,0,3
BRDA:73,5,1,0
BRDA:78,6,0,3
BRDA:78,6,1,2
BRDA:80,7,0,3
BRDA:80,7,1,0
BRDA:86,8,0,3
BRDA:86,8,1,2
BRDA:88,9,0,3
BRDA:88,9,1,2
BRF:20
BRH:17
end_of_record
TN:
SF:src\components\controls\verdocs-portal\verdocs-portal.tsx
FN:24,(anonymous_0)
FN:47,(anonymous_1)
FN:52,(anonymous_2)
FN:57,(anonymous_3)
FN:65,(anonymous_4)
FN:68,(anonymous_5)
FN:86,(anonymous_6)
FN:100,(anonymous_7)
FN:105,(anonymous_8)
FN:117,(anonymous_9)
FN:122,(anonymous_10)
FN:126,(anonymous_11)
FN:128,(anonymous_12)
FNF:13
FNH:10
FNDA:3,(anonymous_0)
FNDA:0,(anonymous_1)
FNDA:0,(anonymous_2)
FNDA:1,(anonymous_3)
FNDA:0,(anonymous_4)
FNDA:3,(anonymous_5)
FNDA:3,(anonymous_6)
FNDA:3,(anonymous_7)
FNDA:3,(anonymous_8)
FNDA:3,(anonymous_9)
FNDA:3,(anonymous_10)
FNDA:3,(anonymous_11)
FNDA:3,(anonymous_12)
DA:1,1
DA:3,1
DA:24,1
DA:32,3
DA:42,3
DA:48,0
DA:53,0
DA:58,1
DA:59,1
DA:60,1
DA:65,1
DA:69,3
DA:70,3
DA:72,0
DA:74,0
DA:75,0
DA:80,0
DA:81,0
DA:83,0
DA:87,3
DA:88,3
DA:90,0
DA:92,0
DA:93,0
DA:94,0
DA:95,0
DA:97,0
DA:101,3
DA:102,3
DA:106,3
DA:107,3
DA:109,3
DA:110,3
DA:111,3
DA:112,3
DA:113,3
DA:114,3
DA:118,3
DA:119,3
DA:123,3
DA:127,3
DA:128,3
LF:42
LH:28
BRDA:59,0,0,1
BRDA:59,1,0,1
BRDA:59,1,1,1
BRDA:60,2,0,0
BRDA:60,2,1,1
BRDA:60,3,0,1
BRDA:60,3,1,1
BRDA:70,4,0,3
BRDA:80,5,0,0
BRDA:80,5,1,0
BRDA:80,6,0,0
BRDA:80,6,1,0
BRDA:80,7,0,0
BRDA:80,7,1,0
BRDA:83,8,0,0
BRDA:83,8,1,0
BRDA:88,9,0,3
BRDA:94,10,0,0
BRDA:94,10,1,0
BRDA:94,11,0,0
BRDA:94,11,1,0
BRDA:94,12,0,0
BRDA:94,12,1,0
BRDA:97,13,0,0
BRDA:97,13,1,0
BRDA:107,14,0,3
BRDA:107,14,1,0
BRDA:107,15,0,3
BRDA:107,15,1,0
BRDA:123,16,0,0
BRDA:123,16,1,3
BRF:31
BRH:11
end_of_record
TN:
SF:src\components\controls\verdocs-progress-bar\verdocs-progress-bar.tsx
FN:10,(anonymous_0)
FN:31,(anonymous_1)
FNF:2
FNH:2
FNDA:3,(anonymous_0)
FNDA:3,(anonymous_1)
DA:1,1
DA:10,1
DA:19,3
DA:24,3
DA:29,3
DA:32,3
DA:33,3
DA:35,3
LF:8
LH:8
BRDA:38,0,0,3
BRDA:38,0,1,2
BRDA:39,1,0,3
BRDA:39,1,1,1
BRF:4
BRH:4
end_of_record
TN:
SF:src\components\controls\verdocs-quick-filter\verdocs-quick-filter.tsx
FN:21,(anonymous_0)
FN:57,(anonymous_1)
FN:63,(anonymous_2)
FN:67,(anonymous_3)
FN:74,(anonymous_4)
FN:83,(anonymous_5)
FN:89,(anonymous_6)
FN:93,(anonymous_7)
FN:95,(anonymous_8)
FN:98,(anonymous_9)
FN:107,(anonymous_10)
FN:117,(anonymous_11)
FN:122,(anonymous_12)
FN:126,(anonymous_13)
FN:129,(anonymous_14)
FN:130,(anonymous_15)
FN:131,(anonymous_16)
FN:138,(anonymous_17)
FN:138,(anonymous_18)
FN:139,(anonymous_19)
FN:151,(anonymous_20)
FN:152,(anonymous_21)
FN:154,(anonymous_22)
FNF:23
FNH:8
FNDA:3,(anonymous_0)
FNDA:3,(anonymous_1)
FNDA:0,(anonymous_2)
FNDA:0,(anonymous_3)
FNDA:0,(anonymous_4)
FNDA:0,(anonymous_5)
FNDA:0,(anonymous_6)
FNDA:0,(anonymous_7)
FNDA:0,(anonymous_8)
FNDA:0,(anonymous_9)
FNDA:0,(anonymous_10)
FNDA:0,(anonymous_11)
FNDA:0,(anonymous_12)
FNDA:0,(anonymous_13)
FNDA:3,(anonymous_14)
FNDA:5,(anonymous_15)
FNDA:3,(anonymous_16)
FNDA:0,(anonymous_17)
FNDA:0,(anonymous_18)
FNDA:3,(anonymous_19)
FNDA:3,(anonymous_20)
FNDA:6,(anonymous_21)
FNDA:0,(anonymous_22)
DA:1,1
DA:2,1
DA:3,1
DA:4,1
DA:6,1
DA:21,1
DA:36,3
DA:39,3
DA:42,3
DA:45,3
DA:56,3
DA:58,3
DA:60,3
DA:64,0
DA:68,0
DA:69,0
DA:70,0
DA:75,0
DA:76,0
DA:77,0
DA:78,0
DA:84,0
DA:85,0
DA:86,0
DA:88,0
DA:89,0
DA:95,0
DA:99,0
DA:101,0
DA:104,0
DA:108,0
DA:110,0
DA:111,0
DA:113,0
DA:118,0
DA:119,0
DA:120,0
DA:121,0
DA:122,0
DA:130,5
DA:131,3
DA:132,3
DA:133,3
DA:134,3
DA:136,3
DA:138,0
DA:139,3
DA:151,3
DA:153,6
DA:154,0
LF:50
LH:22
BRDA:68,0,0,0
BRDA:68,0,1,0
BRDA:69,1,0,0
BRDA:88,2,0,0
BRDA:88,2,1,0
BRDA:88,3,0,0
BRDA:88,3,1,0
BRDA:95,4,0,0
BRDA:95,4,1,0
BRDA:95,5,0,0
BRDA:95,5,1,0
BRDA:99,6,0,0
BRDA:99,7,0,0
BRDA:99,7,1,0
BRDA:99,8,0,0
BRDA:99,8,1,0
BRDA:99,9,0,0
BRDA:99,9,1,0
BRDA:99,10,0,0
BRDA:99,10,1,0
BRDA:99,11,0,0
BRDA:99,11,1,0
BRDA:99,12,0,0
BRDA:99,12,1,0
BRDA:99,13,0,0
BRDA:99,13,1,0
BRDA:99,14,0,0
BRDA:99,14,1,0
BRDA:99,15,0,0
BRDA:99,15,1,0
BRDA:110,16,0,0
BRDA:110,16,1,0
BRDA:121,17,0,0
BRDA:121,17,1,0
BRDA:121,18,0,0
BRDA:121,18,1,0
BRDA:130,19,0,0
BRDA:130,19,1,3
BRDA:130,20,0,3
BRDA:130,20,1,3
BRDA:131,21,0,0
BRDA:131,21,1,3
BRDA:131,22,0,3
BRDA:131,22,1,3
BRDA:131,23,0,0
BRDA:131,23,1,3
BRDA:132,24,0,3
BRDA:132,24,1,0
BRDA:132,25,0,0
BRDA:132,25,1,3
BRDA:132,26,0,3
BRDA:132,26,1,3
BRDA:141,27,0,1
BRDA:141,27,1,2
BRDA:152,28,0,0
BRDA:152,28,1,3
BRDA:152,29,0,3
BRDA:152,29,1,3
BRDA:153,30,0,6
BRDA:153,30,1,0
BRDA:154,31,0,1
BRDA:154,31,1,5
BRF:62
BRH:19
end_of_record
TN:
SF:src\components\controls\verdocs-radio-button\verdocs-radio-button.tsx
FN:21,(anonymous_0)
FN:47,(anonymous_1)
FNF:2
FNH:2
FNDA:3,(anonymous_0)
FNDA:3,(anonymous_1)
DA:1,1
DA:21,1
DA:30,3
DA:35,3
DA:40,3
DA:45,3
DA:48,3
LF:7
LH:7
BRF:0
BRH:0
end_of_record
TN:
SF:src\components\controls\verdocs-select-input\verdocs-select-input.tsx
FN:12,(anonymous_0)
FN:37,(anonymous_1)
FN:43,(anonymous_2)
FNF:3
FNH:3
FNDA:3,(anonymous_0)
FNDA:3,(anonymous_1)
FNDA:3,(anonymous_2)
DA:1,1
DA:12,1
DA:20,3
DA:25,3
DA:35,3
DA:38,3
DA:44,3
LF:7
LH:7
BRDA:41,0,0,1
BRDA:41,0,1,2
BRF:2
BRH:2
end_of_record
TN:
SF:src\components\controls\verdocs-spinner\verdocs-spinner.tsx
FN:13,(anonymous_0)
FN:24,(anonymous_1)
FNF:2
FNH:2
FNDA:2,(anonymous_0)
FNDA:2,(anonymous_1)
DA:1,1
DA:3,1
DA:4,1
DA:13,1
DA:19,2
DA:22,2
DA:25,2
LF:7
LH:7
BRDA:31,0,0,1
BRDA:31,0,1,1
BRF:2
BRH:2
end_of_record
TN:
SF:src\components\controls\verdocs-switch\verdocs-switch.tsx
FN:10,(anonymous_0)
FN:29,(anonymous_1)
FN:38,(anonymous_2)
FNF:3
FNH:3
FNDA:3,(anonymous_0)
FNDA:3,(anonymous_1)
FNDA:1,(anonymous_2)
DA:1,1
DA:10,1
DA:15,3
DA:20,3
DA:25,3
DA:30,3
DA:39,1
DA:40,1
DA:41,1
LF:9
LH:9
BRDA:35,0,0,1
BRDA:35,0,1,2
BRDA:36,1,0,1
BRDA:36,1,1,2
BRDA:37,2,0,1
BRDA:37,2,1,2
BRDA:39,3,0,1
BRDA:41,4,0,0
BRDA:41,4,1,1
BRDA:41,5,0,1
BRDA:41,5,1,1
BRDA:45,6,0,1
BRDA:45,6,1,2
BRF:13
BRH:12
end_of_record
TN:
SF:src\components\controls\verdocs-table\verdocs-table.tsx
FN:18,(anonymous_0)
FN:43,(anonymous_1)
FN:49,(anonymous_2)
FN:53,(anonymous_3)
FN:62,(anonymous_4)
FN:63,(anonymous_5)
FN:64,(anonymous_6)
FNF:7
FNH:6
FNDA:3,(anonymous_0)
FNDA:4,(anonymous_1)
FNDA:3,(anonymous_2)
FNDA:1,(anonymous_3)
FNDA:3,(anonymous_4)
FNDA:0,(anonymous_5)
FNDA:5,(anonymous_6)
DA:1,1
DA:18,1
DA:26,3
DA:31,3
DA:44,4
DA:50,3
DA:53,1
DA:63,3
DA:65,5
LF:9
LH:9
BRDA:53,0,0,0
BRDA:53,0,1,1
BRDA:53,1,0,1
BRDA:53,1,1,1
BRDA:54,2,0,0
BRDA:54,2,1,3
BRDA:54,3,0,3
BRDA:54,3,1,0
BRDA:63,4,0,0
BRDA:63,4,1,0
BRDA:63,5,0,0
BRDA:63,5,1,0
BRDA:65,6,0,0
BRDA:65,6,1,5
BRF:14
BRH:6
end_of_record
TN:
SF:src\components\controls\verdocs-tabs\verdocs-tabs.tsx
FN:18,(anonymous_0)
FN:39,(anonymous_1)
FN:43,(anonymous_2)
FN:46,(anonymous_3)
FN:47,(anonymous_4)
FN:47,(anonymous_5)
FNF:6
FNH:5
FNDA:3,(anonymous_0)
FNDA:1,(anonymous_1)
FNDA:3,(anonymous_2)
FNDA:4,(anonymous_3)
FNDA:0,(anonymous_4)
FNDA:1,(anonymous_5)
DA:1,1
DA:18,1
DA:26,3
DA:31,3
DA:40,1
DA:44,3
DA:47,4
LF:7
LH:7
BRDA:40,0,0,0
BRDA:40,0,1,1
BRDA:40,1,0,1
BRDA:40,1,1,1
BRDA:47,2,0,2
BRDA:47,2,1,2
BRDA:47,3,0,1
BRDA:47,3,1,3
BRDA:47,4,0,1
BRDA:47,4,1,3
BRF:10
BRH:9
end_of_record
TN:
SF:src\components\controls\verdocs-text-input\verdocs-text-input.tsx
FN:18,(anonymous_0)
FN:83,(anonymous_1)
FN:87,(anonymous_2)
FN:88,(anonymous_3)
FN:91,(anonymous_4)
FN:113,(anonymous_5)
FN:114,(anonymous_6)
FN:121,(anonymous_7)
FN:124,(anonymous_8)
FN:128,(anonymous_9)
FN:141,(anonymous_10)
FN:147,(anonymous_11)
FNF:12
FNH:3
FNDA:3,(anonymous_0)
FNDA:0,(anonymous_1)
FNDA:0,(anonymous_2)
FNDA:0,(anonymous_3)
FNDA:3,(anonymous_4)
FNDA:3,(anonymous_5)
FNDA:0,(anonymous_6)
FNDA:0,(anonymous_7)
FNDA:0,(anonymous_8)
FNDA:0,(anonymous_9)
FNDA:0,(anonymous_10)
FNDA:0,(anonymous_11)
DA:1,1
DA:2,1
DA:4,1
DA:5,1
DA:6,1
DA:7,1
DA:18,1
DA:31,3
DA:36,3
DA:41,3
DA:46,3
DA:51,3
DA:56,3
DA:63,3
DA:69,3
DA:74,3
DA:79,3
DA:81,3
DA:84,0
DA:85,0
DA:87,0
DA:88,0
DA:92,3
DA:113,3
DA:114,0
DA:124,0
DA:125,0
DA:126,0
DA:128,0
DA:129,0
DA:130,0
DA:142,0
DA:147,0
LF:33
LH:20
BRDA:93,0,0,1
BRDA:93,0,1,2
BRDA:93,1,0,0
BRDA:93,1,1,3
BRDA:95,2,0,3
BRDA:95,2,1,1
BRDA:98,3,0,1
BRDA:98,3,1,0
BRDA:104,4,0,0
BRDA:104,4,1,3
BRDA:104,5,0,3
BRDA:104,5,1,0
BRDA:117,6,0,3
BRDA:117,6,1,1
BRDA:117,6,2,0
BRDA:126,7,0,0
BRDA:126,7,1,0
BRDA:126,8,0,0
BRDA:126,8,1,0
BRDA:129,9,0,0
BRDA:129,9,1,0
BRDA:129,10,0,0
BRDA:129,10,1,0
BRDA:130,11,0,0
BRDA:130,11,1,0
BRDA:130,12,0,0
BRDA:130,12,1,0
BRDA:137,13,0,3
BRDA:137,13,1,0
BRDA:139,14,0,0
BRDA:139,14,1,0
BRDA:147,15,0,3
BRDA:147,15,1,2
BRDA:147,15,2,0
BRDA:147,15,3,0
BRDA:150,16,0,3
BRDA:150,16,1,1
BRF:37
BRH:15
end_of_record
TN:
SF:src\components\controls\verdocs-toggle\verdocs-toggle.tsx
FN:21,(anonymous_0)
FN:38,(anonymous_1)
FN:43,(anonymous_2)
FN:48,(anonymous_3)
FN:54,(anonymous_4)
FNF:5
FNH:5
FNDA:3,(anonymous_0)
FNDA:3,(anonymous_1)
FNDA:3,(anonymous_2)
FNDA:6,(anonymous_3)
FNDA:1,(anonymous_4)
DA:1,1
DA:21,1
DA:36,3
DA:39,3
DA:40,3
DA:44,3
DA:49,6
DA:55,1
DA:56,1
LF:9
LH:9
BRDA:40,0,0,3
BRDA:40,0,1,2
BRDA:40,1,0,0
BRDA:40,1,1,3
BRDA:40,2,0,3
BRDA:40,2,1,3
BRDA:53,3,0,3
BRDA:53,3,1,3
BRF:8
BRH:7
end_of_record
TN:
SF:src\components\controls\verdocs-toggle-button\verdocs-toggle-button.tsx
FN:10,(anonymous_0)
FN:39,(anonymous_1)
FN:43,(anonymous_2)
FN:51,(anonymous_3)
FN:55,(anonymous_4)
FN:57,(anonymous_5)
FNF:6
FNH:5
FNDA:3,(anonymous_0)
FNDA:3,(anonymous_1)
FNDA:1,(anonymous_2)
FNDA:3,(anonymous_3)
FNDA:0,(anonymous_4)
FNDA:1,(anonymous_5)
DA:1,1
DA:10,1
DA:15,3
DA:20,3
DA:25,3
DA:30,3
DA:37,3
DA:40,3
DA:44,1
DA:46,1
DA:47,1
DA:48,1
DA:52,3
DA:55,0
DA:57,1
LF:15
LH:14
BRDA:48,0,0,0
BRDA:48,0,1,1
BRDA:48,1,0,1
BRDA:48,1,1,1
BRDA:54,2,0,1
BRDA:54,2,1,2
BRF:6
BRH:5
end_of_record
TN:
SF:src\components\controls\verdocs-toolbar-icon\verdocs-toolbar-icon.tsx
FN:13,(anonymous_0)
FN:45,(anonymous_1)
FN:55,(anonymous_2)
FN:62,(anonymous_3)
FN:64,(anonymous_4)
FN:67,(anonymous_5)
FN:75,(anonymous_6)
FN:82,(anonymous_7)
FN:83,(anonymous_8)
FN:84,(anonymous_9)
FN:85,(anonymous_10)
FN:86,(anonymous_11)
FN:88,(anonymous_12)
FNF:13
FNH:5
FNDA:2,(anonymous_0)
FNDA:2,(anonymous_1)
FNDA:0,(anonymous_2)
FNDA:0,(anonymous_3)
FNDA:0,(anonymous_4)
FNDA:0,(anonymous_5)
FNDA:2,(anonymous_6)
FNDA:0,(anonymous_7)
FNDA:0,(anonymous_8)
FNDA:0,(anonymous_9)
FNDA:0,(anonymous_10)
FNDA:2,(anonymous_11)
FNDA:2,(anonymous_12)
DA:1,1
DA:2,1
DA:13,1
DA:26,2
DA:31,2
DA:36,2
DA:43,2
DA:46,2
DA:56,0
DA:57,0
DA:58,0
DA:63,0
DA:64,0
DA:68,0
DA:76,2
DA:82,0
DA:83,0
DA:84,0
DA:85,0
DA:86,2
DA:88,2
LF:21
LH:11
BRDA:48,0,0,0
BRDA:48,0,1,2
BRDA:56,1,0,0
BRDA:63,2,0,0
BRDA:63,2,1,0
BRDA:63,3,0,0
BRDA:63,3,1,0
BRDA:64,4,0,0
BRDA:64,4,1,0
BRDA:64,5,0,0
BRDA:64,5,1,0
BRDA:68,6,0,0
BRDA:68,6,1,0
BRDA:68,7,0,0
BRDA:68,7,1,0
BRF:15
BRH:1
end_of_record
TN:
SF:src\components\elements\verdocs-quick-functions\verdocs-quick-functions.tsx
FN:14,(anonymous_0)
FN:34,(anonymous_1)
FN:38,(anonymous_2)
FN:42,(anonymous_3)
FN:46,(anonymous_4)
FN:49,(anonymous_5)
FNF:6
FNH:2
FNDA:1,(anonymous_0)
FNDA:0,(anonymous_1)
FNDA:0,(anonymous_2)
FNDA:1,(anonymous_3)
FNDA:0,(anonymous_4)
FNDA:0,(anonymous_5)
DA:1,1
DA:2,1
DA:4,1
DA:6,1
DA:14,1
DA:22,1
DA:35,0
DA:39,0
DA:43,1
DA:46,0
DA:49,0
LF:11
LH:7
BRF:0
BRH:0
end_of_record
TN:
SF:src\components\embeds\verdocs-view\verdocs-view.tsx
FN:18,(anonymous_0)
FN:84,(anonymous_1)
FN:108,(anonymous_2)
FN:118,(anonymous_3)
FN:122,(anonymous_4)
FN:128,(anonymous_5)
FN:130,(anonymous_6)
FN:137,(anonymous_7)
FN:144,(anonymous_8)
FN:149,(anonymous_9)
FN:156,(anonymous_10)
FN:161,(anonymous_11)
FN:165,(anonymous_12)
FN:183,(anonymous_13)
FN:194,(anonymous_14)
FN:211,(anonymous_15)
FN:214,(anonymous_16)
FN:221,(anonymous_17)
FN:237,(anonymous_18)
FN:265,(anonymous_19)
FN:266,(anonymous_20)
FN:288,(anonymous_21)
FN:294,(anonymous_22)
FN:295,(anonymous_23)
FN:300,(anonymous_24)
FN:312,(anonymous_25)
FN:328,(anonymous_26)
FNF:27
FNH:4
FNDA:1,(anonymous_0)
FNDA:1,(anonymous_1)
FNDA:1,(anonymous_2)
FNDA:0,(anonymous_3)
FNDA:0,(anonymous_4)
FNDA:0,(anonymous_5)
FNDA:0,(anonymous_6)
FNDA:0,(anonymous_7)
FNDA:0,(anonymous_8)
FNDA:0,(anonymous_9)
FNDA:0,(anonymous_10)
FNDA:0,(anonymous_11)
FNDA:0,(anonymous_12)
FNDA:0,(anonymous_13)
FNDA:0,(anonymous_14)
FNDA:0,(anonymous_15)
FNDA:0,(anonymous_16)
FNDA:1,(anonymous_17)
FNDA:0,(anonymous_18)
FNDA:0,(anonymous_19)
FNDA:0,(anonymous_20)
FNDA:0,(anonymous_21)
FNDA:0,(anonymous_22)
FNDA:0,(anonymous_23)
FNDA:0,(anonymous_24)
FNDA:0,(anonymous_25)
FNDA:0,(anonymous_26)
DA:1,1
DA:2,1
DA:3,1
DA:4,1
DA:5,1
DA:18,1
DA:24,1
DA:31,1
DA:36,1
DA:47,1
DA:77,1
DA:78,1
DA:79,1
DA:81,1
DA:82,1
DA:85,1
DA:86,1
DA:87,1
DA:90,1
DA:91,1
DA:92,1
DA:95,0
DA:96,0
DA:97,0
DA:98,0
DA:99,0
DA:100,0
DA:102,0
DA:103,0
DA:109,1
DA:110,1
DA:111,1
DA:112,0
DA:113,0
DA:114,0
DA:119,0
DA:123,0
DA:124,0
DA:125,0
DA:128,0
DA:131,0
DA:132,0
DA:138,0
DA:139,0
DA:140,0
DA:150,0
DA:153,0
DA:154,0
DA:155,0
DA:157,0
DA:158,0
DA:159,0
DA:162,0
DA:163,0
DA:166,0
DA:167,0
DA:168,0
DA:170,0
DA:171,0
DA:173,0
DA:176,0
DA:177,0
DA:178,0
DA:183,0
DA:184,0
DA:185,0
DA:186,0
DA:189,0
DA:194,0
DA:195,0
DA:196,0
DA:197,0
DA:207,0
DA:210,0
DA:212,0
DA:215,0
DA:217,0
DA:222,1
DA:223,1
DA:230,0
DA:231,0
DA:238,0
DA:245,0
DA:246,0
DA:257,0
DA:259,0
DA:260,0
DA:264,0
DA:265,0
DA:266,0
DA:267,0
DA:268,0
DA:269,0
DA:270,0
DA:272,0
DA:273,0
DA:275,0
DA:276,0
DA:280,0
DA:288,0
DA:294,0
DA:296,0
DA:298,0
DA:301,0
DA:303,0
DA:312,0
DA:329,0
LF:107
LH:26
BRDA:85,0,0,1
BRDA:90,1,0,1
BRDA:96,2,0,0
BRDA:103,3,0,0
BRDA:103,3,1,0
BRDA:103,4,0,0
BRDA:103,4,1,0
BRDA:103,5,0,0
BRDA:103,5,1,0
BRDA:103,6,0,0
BRDA:103,6,1,0
BRDA:103,7,0,0
BRDA:103,7,1,0
BRDA:103,8,0,0
BRDA:103,8,1,0
BRDA:109,9,0,0
BRDA:109,9,1,1
BRDA:111,10,0,0
BRDA:111,11,0,1
BRDA:111,11,1,0
BRDA:138,12,0,0
BRDA:150,13,0,0
BRDA:150,13,1,0
BRDA:150,13,2,0
BRDA:150,13,3,0
BRDA:150,13,4,0
BRDA:153,14,0,0
BRDA:168,15,0,0
BRDA:168,15,1,0
BRDA:168,16,0,0
BRDA:168,16,1,0
BRDA:168,17,0,0
BRDA:168,17,1,0
BRDA:168,18,0,0
BRDA:168,18,1,0
BRDA:168,19,0,0
BRDA:168,19,1,0
BRDA:168,20,0,0
BRDA:168,20,1,0
BRDA:171,21,0,0
BRDA:171,21,1,0
BRDA:171,22,0,0
BRDA:171,22,1,0
BRDA:177,23,0,0
BRDA:177,23,1,0
BRDA:177,24,0,0
BRDA:177,24,1,0
BRDA:184,25,0,0
BRDA:195,26,0,0
BRDA:212,27,0,0
BRDA:212,27,1,0
BRDA:212,28,0,0
BRDA:212,28,1,0
BRDA:222,29,0,1
BRDA:230,30,0,0
BRDA:245,31,0,0
BRDA:259,32,0,0
BRDA:267,33,0,0
BRDA:267,34,0,0
BRDA:267,34,1,0
BRDA:269,35,0,0
BRDA:270,36,0,0
BRDA:270,36,1,0
BRDA:272,37,0,0
BRDA:275,38,0,0
BRDA:275,39,0,0
BRDA:275,39,1,0
BRDA:292,40,0,0
BRDA:292,40,1,0
BRDA:293,41,0,0
BRDA:293,41,1,0
BRDA:293,42,0,0
BRDA:293,42,1,0
BRDA:293,43,0,0
BRDA:293,43,1,0
BRDA:301,44,0,0
BRDA:301,44,1,0
BRDA:301,45,0,0
BRDA:301,45,1,0
BRDA:301,46,0,0
BRDA:301,46,1,0
BRDA:324,47,0,0
BRDA:324,47,1,0
BRDA:333,48,0,0
BRDA:333,48,1,0
BRF:85
BRH:5
end_of_record
TN:
SF:src\utils\Datastore.ts
FN:14,(anonymous_0)
FN:22,(anonymous_1)
FN:39,(anonymous_2)
FN:67,(anonymous_3)
FN:73,(anonymous_4)
FN:81,(anonymous_5)
FN:85,(anonymous_6)
FN:93,(anonymous_7)
FN:97,(anonymous_8)
FN:113,(anonymous_9)
FN:118,(anonymous_10)
FN:133,(anonymous_11)
FN:142,(anonymous_12)
FN:146,(anonymous_13)
FN:148,(anonymous_14)
FN:149,(anonymous_15)
FN:155,(anonymous_16)
FN:157,(anonymous_17)
FN:158,(anonymous_18)
FNF:19
FNH:0
FNDA:0,(anonymous_0)
FNDA:0,(anonymous_1)
FNDA:0,(anonymous_2)
FNDA:0,(anonymous_3)
FNDA:0,(anonymous_4)
FNDA:0,(anonymous_5)
FNDA:0,(anonymous_6)
FNDA:0,(anonymous_7)
FNDA:0,(anonymous_8)
FNDA:0,(anonymous_9)
FNDA:0,(anonymous_10)
FNDA:0,(anonymous_11)
FNDA:0,(anonymous_12)
FNDA:0,(anonymous_13)
FNDA:0,(anonymous_14)
FNDA:0,(anonymous_15)
FNDA:0,(anonymous_16)
FNDA:0,(anonymous_17)
FNDA:0,(anonymous_18)
DA:1,1
DA:2,1
DA:5,1
DA:11,1
DA:12,1
DA:14,1
DA:15,0
DA:16,0
DA:18,0
DA:22,1
DA:23,0
DA:24,0
DA:25,0
DA:26,0
DA:27,0
DA:28,0
DA:29,0
DA:30,0
DA:31,0
DA:32,0
DA:36,0
DA:39,1
DA:40,0
DA:42,0
DA:43,0
DA:44,0
DA:45,0
DA:46,0
DA:47,0
DA:48,0
DA:50,0
DA:54,0
DA:60,1
DA:69,0
DA:70,0
DA:73,0
DA:74,0
DA:75,0
DA:78,0
DA:79,0
DA:80,0
DA:83,0
DA:86,0
DA:90,0
DA:94,0
DA:98,0
DA:99,0
DA:100,0
DA:103,0
DA:104,0
DA:107,0
DA:108,0
DA:109,0
DA:110,0
DA:114,0
DA:115,0
DA:119,0
DA:120,0
DA:121,0
DA:124,0
DA:125,0
DA:128,0
DA:129,0
DA:130,0
DA:134,0
DA:135,0
DA:143,0
DA:144,0
DA:145,0
DA:146,0
DA:148,0
DA:149,0
DA:151,0
DA:153,0
DA:154,0
DA:155,0
DA:157,0
DA:158,0
DA:160,0
LF:79
LH:9
BRDA:18,0,0,0
BRDA:18,0,1,0
BRDA:25,1,0,0
BRDA:25,1,1,0
BRDA:25,2,0,0
BRDA:25,2,1,0
BRDA:25,2,2,0
BRDA:27,3,0,0
BRDA:27,3,1,0
BRDA:29,4,0,0
BRDA:29,4,1,0
BRDA:31,5,0,0
BRDA:43,6,0,0
BRDA:43,6,1,0
BRDA:45,7,0,0
BRDA:45,7,1,0
BRDA:45,8,0,0
BRDA:45,8,1,0
BRDA:47,9,0,0
BRDA:47,9,1,0
BRDA:47,10,0,0
BRDA:47,10,1,0
BRDA:69,11,0,0
BRDA:78,12,0,0
BRDA:78,13,0,0
BRDA:78,13,1,0
BRDA:97,14,0,0
BRDA:98,15,0,0
BRDA:99,16,0,0
BRDA:118,17,0,0
BRDA:119,18,0,0
BRDA:120,19,0,0
BRDA:143,20,0,0
BRDA:143,20,1,0
BRDA:146,21,0,0
BRDA:146,21,1,0
BRDA:148,22,0,0
BRDA:148,22,1,0
BRDA:151,23,0,0
BRDA:151,23,1,0
BRDA:155,24,0,0
BRDA:155,24,1,0
BRDA:157,25,0,0
BRDA:157,25,1,0
BRDA:160,26,0,0
BRDA:160,26,1,0
BRF:46
BRH:0
end_of_record
TN:
SF:src\utils\Icons.ts
FNF:0
FNH:0
DA:1,1
DA:3,1
DA:6,1
DA:8,1
DA:26,1
DA:44,1
DA:62,1
DA:76,1
DA:83,1
LF:9
LH:9
BRF:0
BRH:0
end_of_record
TN:
SF:src\utils\Toast.ts
FN:44,(anonymous_0)
FN:44,(anonymous_1)
FN:46,(anonymous_2)
FN:51,(anonymous_3)
FN:78,(anonymous_4)
FNF:5
FNH:0
FNDA:0,(anonymous_0)
FNDA:0,(anonymous_1)
FNDA:0,(anonymous_2)
FNDA:0,(anonymous_3)
FNDA:0,(anonymous_4)
DA:20,2
DA:37,2
DA:44,2
DA:46,2
DA:47,0
DA:48,0
DA:51,2
DA:54,0
DA:56,0
DA:57,0
DA:58,0
DA:60,0
DA:66,0
DA:67,0
DA:68,0
DA:69,0
DA:75,0
DA:77,0
DA:78,0
DA:80,0
LF:20
LH:5
BRDA:51,0,0,0
BRDA:56,1,0,0
BRDA:56,2,0,0
BRDA:56,3,0,0
BRDA:56,3,1,0
BRDA:57,4,0,0
BRDA:57,4,1,0
BRDA:58,5,0,0
BRDA:58,5,1,0
BRF:9
BRH:0
end_of_record
TN:
SF:src\utils\Types.ts
FNF:0
FNH:0
DA:21,2
DA:23,2
LF:2
LH:2
BRF:0
BRH:0
end_of_record
TN:
SF:src\utils\errors.ts
FN:9,(anonymous_0)
FNF:1
FNH:0
FNDA:0,(anonymous_0)
DA:4,1
DA:10,0
DA:11,0
DA:12,0
DA:13,0
LF:5
LH:1
BRDA:10,0,0,0
BRDA:10,0,1,0
BRF:2
BRH:0
end_of_record
TN:
SF:src\utils\utils.ts
FN:6,(anonymous_8)
FN:35,(anonymous_9)
FN:63,(anonymous_10)
FN:74,(anonymous_11)
FN:88,(anonymous_12)
FN:99,(anonymous_13)
FN:111,(anonymous_14)
FN:254,(anonymous_15)
FN:265,(anonymous_16)
FN:272,(anonymous_17)
FN:280,(anonymous_18)
FN:296,(anonymous_19)
FN:317,(anonymous_20)
FN:319,(anonymous_21)
FN:321,(anonymous_22)
FN:328,(anonymous_23)
FN:341,(anonymous_24)
FNF:17
FNH:1
FNDA:0,(anonymous_8)
FNDA:0,(anonymous_9)
FNDA:0,(anonymous_10)
FNDA:0,(anonymous_11)
FNDA:0,(anonymous_12)
FNDA:0,(anonymous_13)
FNDA:0,(anonymous_14)
FNDA:0,(anonymous_15)
FNDA:0,(anonymous_16)
FNDA:0,(anonymous_17)
FNDA:0,(anonymous_18)
FNDA:0,(anonymous_19)
FNDA:0,(anonymous_20)
FNDA:0,(anonymous_21)
FNDA:0,(anonymous_22)
FNDA:6,(anonymous_23)
FNDA:0,(anonymous_24)
DA:1,2
DA:2,2
DA:3,2
DA:4,2
DA:6,2
DA:8,0
DA:10,0
DA:12,0
DA:14,0
DA:16,0
DA:18,0
DA:21,0
DA:24,0
DA:28,0
DA:32,0
DA:35,2
DA:36,0
DA:38,0
DA:40,0
DA:42,0
DA:44,0
DA:46,0
DA:49,0
DA:52,0
DA:56,0
DA:60,0
DA:63,2
DA:64,0
DA:66,0
DA:67,0
DA:68,0
DA:69,0
DA:70,0
DA:71,0
DA:74,2
DA:75,0
DA:77,0
DA:88,2
DA:89,0
DA:99,2
DA:100,0
DA:101,0
DA:102,0
DA:103,0
DA:104,0
DA:105,0
DA:106,0
DA:107,0
DA:111,2
DA:118,0
DA:119,0
DA:120,0
DA:121,0
DA:122,0
DA:127,0
DA:137,0
DA:138,0
DA:139,0
DA:140,0
DA:141,0
DA:144,0
DA:145,0
DA:146,0
DA:147,0
DA:151,0
DA:152,0
DA:153,0
DA:154,0
DA:155,0
DA:156,0
DA:158,0
DA:159,0
DA:160,0
DA:162,0
DA:165,0
DA:166,0
DA:167,0
DA:169,0
DA:170,0
DA:172,0
DA:176,0
DA:177,0
DA:178,0
DA:179,0
DA:180,0
DA:183,0
DA:184,0
DA:185,0
DA:186,0
DA:187,0
DA:188,0
DA:189,0
DA:190,0
DA:192,0
DA:193,0
DA:195,0
DA:196,0
DA:198,0
DA:199,0
DA:201,0
DA:202,0
DA:204,0
DA:208,0
DA:209,0
DA:210,0
DA:211,0
DA:212,0
DA:215,0
DA:216,0
DA:217,0
DA:218,0
DA:219,0
DA:220,0
DA:221,0
DA:222,0
DA:224,0
DA:225,0
DA:227,0
DA:228,0
DA:230,0
DA:231,0
DA:233,0
DA:234,0
DA:236,0
DA:240,0
DA:241,0
DA:254,2
DA:255,0
DA:257,0
DA:258,0
DA:259,0
DA:261,0
DA:265,2
DA:267,0
DA:272,2
DA:274,0
DA:275,0
DA:276,0
DA:277,0
DA:280,2
DA:281,0
DA:283,0
DA:284,0
DA:285,0
DA:286,0
DA:287,0
DA:288,0
DA:290,0
DA:291,0
DA:293,0
DA:296,0
DA:297,0
DA:298,0
DA:299,0
DA:300,0
DA:301,0
DA:308,0
DA:309,0
DA:310,0
DA:311,0
DA:317,2
DA:318,0
DA:319,0
DA:320,0
DA:321,0
DA:328,2
DA:329,6
DA:330,6
DA:331,6
DA:332,6
DA:341,2
DA:342,0
DA:344,0
DA:345,0
DA:349,0
DA:353,0
DA:357,0
LF:177
LH:22
BRDA:8,0,0,0
BRDA:8,0,1,0
BRDA:8,0,2,0
BRDA:8,0,3,0
BRDA:8,0,4,0
BRDA:8,0,5,0
BRDA:8,0,6,0
BRDA:8,0,7,0
BRDA:8,0,8,0
BRDA:8,0,9,0
BRDA:8,0,10,0
BRDA:36,1,0,0
BRDA:36,1,1,0
BRDA:36,1,2,0
BRDA:36,1,3,0
BRDA:36,1,4,0
BRDA:36,1,5,0
BRDA:36,1,6,0
BRDA:36,1,7,0
BRDA:36,1,8,0
BRDA:36,1,9,0
BRDA:36,1,10,0
BRDA:64,2,0,0
BRDA:64,3,0,0
BRDA:64,4,0,0
BRDA:64,5,0,0
BRDA:75,6,0,0
BRDA:75,7,0,0
BRDA:75,8,0,0
BRDA:75,9,0,0
BRDA:102,10,0,0
BRDA:116,11,0,0
BRDA:118,12,0,0
BRDA:118,13,0,0
BRDA:118,14,0,0
BRDA:118,15,0,0
BRDA:120,16,0,0
BRDA:127,17,0,0
BRDA:127,17,1,0
BRDA:127,17,2,0
BRDA:127,17,3,0
BRDA:127,17,4,0
BRDA:127,17,5,0
BRDA:127,17,6,0
BRDA:127,17,7,0
BRDA:127,17,8,0
BRDA:127,17,9,0
BRDA:127,17,10,0
BRDA:127,17,11,0
BRDA:139,18,0,0
BRDA:145,19,0,0
BRDA:146,20,0,0
BRDA:146,21,0,0
BRDA:146,21,1,0
BRDA:146,22,0,0
BRDA:146,22,1,0
BRDA:146,23,0,0
BRDA:146,23,1,0
BRDA:146,24,0,0
BRDA:146,24,1,0
BRDA:146,25,0,0
BRDA:146,25,1,0
BRDA:156,26,0,0
BRDA:156,26,1,0
BRDA:158,27,0,0
BRDA:158,27,1,0
BRDA:178,28,0,0
BRDA:188,29,0,0
BRDA:188,29,1,0
BRDA:189,30,0,0
BRDA:192,31,0,0
BRDA:195,32,0,0
BRDA:198,33,0,0
BRDA:210,34,0,0
BRDA:220,35,0,0
BRDA:220,35,1,0
BRDA:221,36,0,0
BRDA:224,37,0,0
BRDA:227,38,0,0
BRDA:230,39,0,0
BRDA:255,40,0,0
BRDA:255,40,1,0
BRDA:258,41,0,0
BRDA:258,41,1,0
BRDA:285,42,0,0
BRDA:285,42,1,0
BRDA:287,43,0,0
BRDA:287,43,1,0
BRDA:290,44,0,0
BRDA:290,44,1,0
BRDA:296,45,0,0
BRDA:296,45,1,0
BRDA:296,46,0,0
BRDA:296,46,1,0
BRDA:296,47,0,0
BRDA:296,47,1,0
BRDA:296,48,0,0
BRDA:296,48,1,0
BRDA:297,49,0,0
BRDA:298,50,0,0
BRDA:298,50,1,0
BRDA:308,51,0,0
BRDA:308,51,1,0
BRDA:309,52,0,0
BRDA:309,52,1,0
BRDA:328,53,0,0
BRDA:342,54,0,0
BRDA:342,54,1,0
BRDA:344,55,0,0
BRDA:344,56,0,0
BRDA:344,56,1,0
BRF:111
BRH:0
end_of_record
